2024-01-19 19:46:39,893 INFO - Task context logging is enabled
2024-01-19 19:46:39,895 INFO - Loaded executor: SequentialExecutor
2024-01-19 19:46:39,926 INFO - Starting the scheduler
2024-01-19 19:46:39,926 INFO - Processing each file at most -1 times
2024-01-19 19:46:39,931 INFO - Launched DagFileProcessorManager with pid: 6726
2024-01-19 19:46:39,933 INFO - Adopting or resetting orphaned tasks for active dag runs
2024-01-19 19:46:39,934 INFO - Configured default timezone UTC
2024-01-19 19:51:40,244 INFO - Adopting or resetting orphaned tasks for active dag runs
2024-01-19 19:56:40,399 INFO - Adopting or resetting orphaned tasks for active dag runs
2024-01-19 20:01:40,658 INFO - Adopting or resetting orphaned tasks for active dag runs
2024-01-19 20:06:40,816 INFO - Adopting or resetting orphaned tasks for active dag runs
2024-01-19 20:11:40,978 INFO - Adopting or resetting orphaned tasks for active dag runs
2024-01-19 20:16:41,133 INFO - Adopting or resetting orphaned tasks for active dag runs
2024-01-19 20:21:41,293 INFO - Adopting or resetting orphaned tasks for active dag runs
2024-01-19 20:26:41,498 INFO - Adopting or resetting orphaned tasks for active dag runs
2024-01-19 20:31:41,754 INFO - Adopting or resetting orphaned tasks for active dag runs
2024-01-19 20:36:41,920 INFO - Adopting or resetting orphaned tasks for active dag runs
2024-01-19 20:41:42,074 INFO - Adopting or resetting orphaned tasks for active dag runs
2024-01-19 20:46:42,329 INFO - Adopting or resetting orphaned tasks for active dag runs
2024-01-19 20:51:42,486 INFO - Adopting or resetting orphaned tasks for active dag runs
2024-01-19 20:56:42,651 INFO - Adopting or resetting orphaned tasks for active dag runs
2024-01-19 21:01:42,882 INFO - Adopting or resetting orphaned tasks for active dag runs
2024-01-19 21:06:43,036 INFO - Adopting or resetting orphaned tasks for active dag runs
2024-01-19 21:11:43,191 INFO - Adopting or resetting orphaned tasks for active dag runs
2024-01-19 21:16:43,360 INFO - Adopting or resetting orphaned tasks for active dag runs
2024-01-19 21:21:43,520 INFO - Adopting or resetting orphaned tasks for active dag runs
2024-01-19 21:26:43,534 INFO - Adopting or resetting orphaned tasks for active dag runs
2024-01-19 21:31:43,687 INFO - Adopting or resetting orphaned tasks for active dag runs
2024-01-19 21:36:43,850 INFO - Adopting or resetting orphaned tasks for active dag runs
2024-01-19 21:41:44,022 INFO - Adopting or resetting orphaned tasks for active dag runs
2024-01-19 21:46:44,175 INFO - Adopting or resetting orphaned tasks for active dag runs
2024-01-19 21:51:44,325 INFO - Adopting or resetting orphaned tasks for active dag runs
2024-01-19 21:56:44,532 INFO - Adopting or resetting orphaned tasks for active dag runs
2024-01-19 22:01:44,687 INFO - Adopting or resetting orphaned tasks for active dag runs
2024-01-19 22:06:44,840 INFO - Adopting or resetting orphaned tasks for active dag runs
2024-01-19 22:11:44,994 INFO - Adopting or resetting orphaned tasks for active dag runs
2024-01-19 22:16:45,150 INFO - Adopting or resetting orphaned tasks for active dag runs
2024-01-19 22:21:45,313 INFO - Adopting or resetting orphaned tasks for active dag runs
2024-01-19 22:26:45,466 INFO - Adopting or resetting orphaned tasks for active dag runs
2024-01-19 22:31:45,730 INFO - Adopting or resetting orphaned tasks for active dag runs
2024-01-19 22:36:45,785 INFO - Adopting or resetting orphaned tasks for active dag runs
2024-01-19 22:41:45,931 INFO - Adopting or resetting orphaned tasks for active dag runs
2024-01-19 22:46:46,064 INFO - Adopting or resetting orphaned tasks for active dag runs
2024-01-19 22:51:46,222 INFO - Adopting or resetting orphaned tasks for active dag runs
2024-01-19 22:56:46,527 INFO - Adopting or resetting orphaned tasks for active dag runs
2024-01-19 23:01:46,788 INFO - Adopting or resetting orphaned tasks for active dag runs
2024-01-19 23:06:46,996 INFO - Adopting or resetting orphaned tasks for active dag runs
2024-01-19 23:11:47,128 INFO - Adopting or resetting orphaned tasks for active dag runs
2024-01-19 23:16:47,283 INFO - Adopting or resetting orphaned tasks for active dag runs
2024-01-19 23:21:47,445 INFO - Adopting or resetting orphaned tasks for active dag runs
2024-01-19 23:26:47,708 INFO - Adopting or resetting orphaned tasks for active dag runs
2024-01-19 23:31:47,850 INFO - Adopting or resetting orphaned tasks for active dag runs
2024-01-19 23:36:48,005 INFO - Adopting or resetting orphaned tasks for active dag runs
2024-01-19 23:41:48,156 INFO - Adopting or resetting orphaned tasks for active dag runs
2024-01-19 23:46:48,434 INFO - Adopting or resetting orphaned tasks for active dag runs
2024-01-19 23:51:48,595 INFO - Adopting or resetting orphaned tasks for active dag runs
2024-01-19 23:56:48,855 INFO - Adopting or resetting orphaned tasks for active dag runs
2024-01-20 00:01:48,946 INFO - Adopting or resetting orphaned tasks for active dag runs
2024-01-20 00:06:49,098 INFO - Adopting or resetting orphaned tasks for active dag runs
2024-01-20 00:11:49,253 INFO - Adopting or resetting orphaned tasks for active dag runs
2024-01-20 00:16:49,405 INFO - Adopting or resetting orphaned tasks for active dag runs
2024-01-20 00:21:49,558 INFO - Adopting or resetting orphaned tasks for active dag runs
2024-01-20 00:26:49,710 INFO - Adopting or resetting orphaned tasks for active dag runs
2024-01-20 00:31:49,863 INFO - Adopting or resetting orphaned tasks for active dag runs
2024-01-20 00:36:50,016 INFO - Adopting or resetting orphaned tasks for active dag runs
2024-01-20 00:41:50,180 INFO - Adopting or resetting orphaned tasks for active dag runs
2024-01-20 00:46:50,544 INFO - Adopting or resetting orphaned tasks for active dag runs
2024-01-20 00:51:50,713 INFO - Adopting or resetting orphaned tasks for active dag runs
2024-01-20 00:56:51,032 INFO - Adopting or resetting orphaned tasks for active dag runs
2024-01-20 01:01:51,173 INFO - Adopting or resetting orphaned tasks for active dag runs
2024-01-20 01:06:51,427 INFO - Adopting or resetting orphaned tasks for active dag runs
2024-01-20 01:11:51,577 INFO - Adopting or resetting orphaned tasks for active dag runs
2024-01-20 01:16:51,729 INFO - Adopting or resetting orphaned tasks for active dag runs
2024-01-20 01:21:51,882 INFO - Adopting or resetting orphaned tasks for active dag runs
2024-01-20 01:26:52,004 INFO - Adopting or resetting orphaned tasks for active dag runs
2024-01-20 01:31:52,158 INFO - Adopting or resetting orphaned tasks for active dag runs
2024-01-20 01:36:52,206 INFO - Adopting or resetting orphaned tasks for active dag runs
2024-01-20 01:41:52,265 INFO - Adopting or resetting orphaned tasks for active dag runs
2024-01-20 01:46:52,625 INFO - Adopting or resetting orphaned tasks for active dag runs
2024-01-20 01:51:52,781 INFO - Adopting or resetting orphaned tasks for active dag runs
2024-01-20 01:56:52,935 INFO - Adopting or resetting orphaned tasks for active dag runs
2024-01-20 02:01:53,093 INFO - Adopting or resetting orphaned tasks for active dag runs
2024-01-20 02:06:53,249 INFO - Adopting or resetting orphaned tasks for active dag runs
2024-01-20 02:11:53,403 INFO - Adopting or resetting orphaned tasks for active dag runs
2024-01-20 02:16:53,584 INFO - Adopting or resetting orphaned tasks for active dag runs
2024-01-20 02:21:53,722 INFO - Adopting or resetting orphaned tasks for active dag runs
2024-01-20 02:26:53,944 INFO - Adopting or resetting orphaned tasks for active dag runs
2024-01-20 02:31:54,042 INFO - Adopting or resetting orphaned tasks for active dag runs
2024-01-20 02:36:54,177 INFO - Adopting or resetting orphaned tasks for active dag runs
2024-01-20 02:41:54,319 INFO - Adopting or resetting orphaned tasks for active dag runs
2024-01-20 02:46:54,463 INFO - Adopting or resetting orphaned tasks for active dag runs
2024-01-20 02:51:54,600 INFO - Adopting or resetting orphaned tasks for active dag runs
2024-01-20 02:56:54,737 INFO - Adopting or resetting orphaned tasks for active dag runs
2024-01-20 03:01:54,980 INFO - Adopting or resetting orphaned tasks for active dag runs
2024-01-20 03:06:55,122 INFO - Adopting or resetting orphaned tasks for active dag runs
2024-01-20 03:11:55,257 INFO - Adopting or resetting orphaned tasks for active dag runs
2024-01-20 03:16:55,393 INFO - Adopting or resetting orphaned tasks for active dag runs
2024-01-20 03:21:55,535 INFO - Adopting or resetting orphaned tasks for active dag runs
2024-01-20 03:26:55,672 INFO - Adopting or resetting orphaned tasks for active dag runs
2024-01-20 03:31:55,809 INFO - Adopting or resetting orphaned tasks for active dag runs
2024-01-20 03:36:55,951 INFO - Adopting or resetting orphaned tasks for active dag runs
2024-01-20 03:41:56,086 INFO - Adopting or resetting orphaned tasks for active dag runs
2024-01-20 03:46:56,219 INFO - Adopting or resetting orphaned tasks for active dag runs
2024-01-20 03:51:56,564 INFO - Adopting or resetting orphaned tasks for active dag runs
2024-01-20 03:56:56,706 INFO - Adopting or resetting orphaned tasks for active dag runs
2024-01-20 04:01:56,843 INFO - Adopting or resetting orphaned tasks for active dag runs
2024-01-20 04:06:56,980 INFO - Adopting or resetting orphaned tasks for active dag runs
2024-01-20 04:11:57,130 INFO - Adopting or resetting orphaned tasks for active dag runs
2024-01-20 04:16:57,267 INFO - Adopting or resetting orphaned tasks for active dag runs
2024-01-20 04:21:57,515 INFO - Adopting or resetting orphaned tasks for active dag runs
2024-01-20 04:26:57,649 INFO - Adopting or resetting orphaned tasks for active dag runs
2024-01-20 04:31:57,748 INFO - Adopting or resetting orphaned tasks for active dag runs
2024-01-20 04:36:57,927 INFO - Adopting or resetting orphaned tasks for active dag runs
2024-01-20 04:41:58,160 INFO - Adopting or resetting orphaned tasks for active dag runs
2024-01-20 04:46:58,323 INFO - Adopting or resetting orphaned tasks for active dag runs
2024-01-20 04:51:58,465 INFO - Adopting or resetting orphaned tasks for active dag runs
2024-01-20 04:56:58,702 INFO - Adopting or resetting orphaned tasks for active dag runs
2024-01-20 05:01:58,837 INFO - Adopting or resetting orphaned tasks for active dag runs
2024-01-20 05:06:58,981 INFO - Adopting or resetting orphaned tasks for active dag runs
2024-01-20 05:11:59,226 INFO - Adopting or resetting orphaned tasks for active dag runs
2024-01-20 05:16:59,380 INFO - Adopting or resetting orphaned tasks for active dag runs
2024-01-20 05:21:59,614 INFO - Adopting or resetting orphaned tasks for active dag runs
2024-01-20 05:26:59,755 INFO - Adopting or resetting orphaned tasks for active dag runs
2024-01-20 05:31:59,889 INFO - Adopting or resetting orphaned tasks for active dag runs
2024-01-20 05:36:59,915 INFO - Adopting or resetting orphaned tasks for active dag runs
2024-01-20 05:42:00,050 INFO - Adopting or resetting orphaned tasks for active dag runs
2024-01-20 05:47:00,184 INFO - Adopting or resetting orphaned tasks for active dag runs
2024-01-20 05:52:00,239 INFO - Adopting or resetting orphaned tasks for active dag runs
2024-01-20 05:57:00,375 INFO - Adopting or resetting orphaned tasks for active dag runs
2024-01-20 06:02:00,510 INFO - Adopting or resetting orphaned tasks for active dag runs
2024-01-20 06:07:00,542 INFO - Adopting or resetting orphaned tasks for active dag runs
2024-01-20 06:12:00,676 INFO - Adopting or resetting orphaned tasks for active dag runs
2024-01-20 06:17:00,819 INFO - Adopting or resetting orphaned tasks for active dag runs
2024-01-20 06:22:00,956 INFO - Adopting or resetting orphaned tasks for active dag runs
2024-01-20 06:27:01,089 INFO - Adopting or resetting orphaned tasks for active dag runs
2024-01-20 06:32:01,280 INFO - Adopting or resetting orphaned tasks for active dag runs
2024-01-20 06:37:01,454 INFO - Adopting or resetting orphaned tasks for active dag runs
2024-01-20 06:42:01,621 INFO - Adopting or resetting orphaned tasks for active dag runs
2024-01-20 06:47:01,764 INFO - Adopting or resetting orphaned tasks for active dag runs
2024-01-20 06:52:01,916 INFO - Adopting or resetting orphaned tasks for active dag runs
2024-01-20 06:57:02,059 INFO - Adopting or resetting orphaned tasks for active dag runs
2024-01-20 07:02:02,210 INFO - Adopting or resetting orphaned tasks for active dag runs
2024-01-20 07:07:02,357 INFO - Adopting or resetting orphaned tasks for active dag runs
2024-01-20 07:12:02,466 INFO - Adopting or resetting orphaned tasks for active dag runs
2024-01-20 07:17:02,603 INFO - Adopting or resetting orphaned tasks for active dag runs
2024-01-20 07:22:02,738 INFO - Adopting or resetting orphaned tasks for active dag runs
2024-01-20 07:27:02,873 INFO - Adopting or resetting orphaned tasks for active dag runs
2024-01-20 07:32:02,905 INFO - Adopting or resetting orphaned tasks for active dag runs
2024-01-20 07:37:03,053 INFO - Adopting or resetting orphaned tasks for active dag runs
2024-01-20 07:42:03,288 INFO - Adopting or resetting orphaned tasks for active dag runs
2024-01-20 07:47:03,532 INFO - Adopting or resetting orphaned tasks for active dag runs
2024-01-20 07:52:03,665 INFO - Adopting or resetting orphaned tasks for active dag runs
2024-01-20 07:57:03,802 INFO - Adopting or resetting orphaned tasks for active dag runs
2024-01-20 08:02:03,989 INFO - Adopting or resetting orphaned tasks for active dag runs
2024-01-20 08:07:04,282 INFO - Adopting or resetting orphaned tasks for active dag runs
2024-01-20 08:12:04,819 INFO - Adopting or resetting orphaned tasks for active dag runs
2024-01-20 08:17:05,264 INFO - Adopting or resetting orphaned tasks for active dag runs
2024-01-20 08:22:05,401 INFO - Adopting or resetting orphaned tasks for active dag runs
2024-01-20 08:27:05,464 INFO - Adopting or resetting orphaned tasks for active dag runs
2024-01-20 08:32:05,606 INFO - Adopting or resetting orphaned tasks for active dag runs
2024-01-20 08:37:05,742 INFO - Adopting or resetting orphaned tasks for active dag runs
2024-01-20 08:42:05,875 INFO - Adopting or resetting orphaned tasks for active dag runs
2024-01-20 08:47:06,095 INFO - Adopting or resetting orphaned tasks for active dag runs
2024-01-20 08:52:06,347 INFO - Adopting or resetting orphaned tasks for active dag runs
2024-01-20 08:57:06,481 INFO - Adopting or resetting orphaned tasks for active dag runs
2024-01-20 09:02:06,720 INFO - Adopting or resetting orphaned tasks for active dag runs
2024-01-20 09:07:06,775 INFO - Adopting or resetting orphaned tasks for active dag runs
2024-01-20 09:12:06,908 INFO - Adopting or resetting orphaned tasks for active dag runs
2024-01-20 09:17:07,053 INFO - Adopting or resetting orphaned tasks for active dag runs
2024-01-20 09:22:07,186 INFO - Adopting or resetting orphaned tasks for active dag runs
2024-01-20 09:27:07,300 INFO - Adopting or resetting orphaned tasks for active dag runs
2024-01-20 09:32:07,468 INFO - Adopting or resetting orphaned tasks for active dag runs
2024-01-20 09:37:07,480 INFO - Adopting or resetting orphaned tasks for active dag runs
2024-01-20 09:42:07,615 INFO - Adopting or resetting orphaned tasks for active dag runs
2024-01-20 09:47:07,750 INFO - Adopting or resetting orphaned tasks for active dag runs
2024-01-20 09:52:08,005 INFO - Adopting or resetting orphaned tasks for active dag runs
2024-01-20 09:57:08,139 INFO - Adopting or resetting orphaned tasks for active dag runs
2024-01-20 10:02:08,287 INFO - Adopting or resetting orphaned tasks for active dag runs
2024-01-20 10:07:08,437 INFO - Adopting or resetting orphaned tasks for active dag runs
2024-01-20 10:12:08,569 INFO - Adopting or resetting orphaned tasks for active dag runs
2024-01-20 10:17:08,811 INFO - Adopting or resetting orphaned tasks for active dag runs
2024-01-20 10:22:09,089 INFO - Adopting or resetting orphaned tasks for active dag runs
2024-01-20 10:27:09,630 INFO - Adopting or resetting orphaned tasks for active dag runs
2024-01-20 10:32:09,763 INFO - Adopting or resetting orphaned tasks for active dag runs
2024-01-20 10:37:09,897 INFO - Adopting or resetting orphaned tasks for active dag runs
2024-01-20 10:42:10,024 INFO - Adopting or resetting orphaned tasks for active dag runs
2024-01-20 10:47:10,161 INFO - Adopting or resetting orphaned tasks for active dag runs
2024-01-20 10:52:10,295 INFO - Adopting or resetting orphaned tasks for active dag runs
2024-01-20 10:57:10,441 INFO - Adopting or resetting orphaned tasks for active dag runs
2024-01-20 11:02:10,581 INFO - Adopting or resetting orphaned tasks for active dag runs
2024-01-20 11:07:10,717 INFO - Adopting or resetting orphaned tasks for active dag runs
2024-01-20 11:12:10,857 INFO - Adopting or resetting orphaned tasks for active dag runs
2024-01-20 11:17:11,000 INFO - Adopting or resetting orphaned tasks for active dag runs
2024-01-20 11:22:11,472 INFO - Adopting or resetting orphaned tasks for active dag runs
2024-01-20 11:27:11,629 INFO - Adopting or resetting orphaned tasks for active dag runs
2024-01-20 11:32:11,766 INFO - Adopting or resetting orphaned tasks for active dag runs
2024-01-20 11:37:12,093 INFO - Adopting or resetting orphaned tasks for active dag runs
2024-01-20 11:42:12,235 INFO - Adopting or resetting orphaned tasks for active dag runs
2024-01-20 11:47:12,370 INFO - Adopting or resetting orphaned tasks for active dag runs
2024-01-20 11:52:12,503 INFO - Adopting or resetting orphaned tasks for active dag runs
2024-01-20 11:57:12,536 INFO - Adopting or resetting orphaned tasks for active dag runs
2024-01-20 12:02:12,682 INFO - Adopting or resetting orphaned tasks for active dag runs
2024-01-20 12:07:12,820 INFO - Adopting or resetting orphaned tasks for active dag runs
2024-01-20 12:12:12,856 INFO - Adopting or resetting orphaned tasks for active dag runs
2024-01-20 12:17:12,992 INFO - Adopting or resetting orphaned tasks for active dag runs
2024-01-20 12:22:13,127 INFO - Adopting or resetting orphaned tasks for active dag runs
2024-01-20 12:27:13,299 INFO - Adopting or resetting orphaned tasks for active dag runs
2024-01-20 12:32:13,442 INFO - Adopting or resetting orphaned tasks for active dag runs
2024-01-20 12:37:13,578 INFO - Adopting or resetting orphaned tasks for active dag runs
2024-01-20 12:42:13,719 INFO - Adopting or resetting orphaned tasks for active dag runs
2024-01-20 12:47:14,166 INFO - Adopting or resetting orphaned tasks for active dag runs
2024-01-20 12:52:14,301 INFO - Adopting or resetting orphaned tasks for active dag runs
2024-01-20 12:57:14,738 INFO - Adopting or resetting orphaned tasks for active dag runs
2024-01-20 13:02:15,050 INFO - Adopting or resetting orphaned tasks for active dag runs
2024-01-20 13:07:15,186 INFO - Adopting or resetting orphaned tasks for active dag runs
2024-01-20 13:12:15,323 INFO - Adopting or resetting orphaned tasks for active dag runs
2024-01-20 13:17:15,457 INFO - Adopting or resetting orphaned tasks for active dag runs
2024-01-20 13:22:15,592 INFO - Adopting or resetting orphaned tasks for active dag runs
2024-01-20 13:27:15,727 INFO - Adopting or resetting orphaned tasks for active dag runs
2024-01-20 13:32:16,268 INFO - Adopting or resetting orphaned tasks for active dag runs
2024-01-20 13:37:16,619 INFO - Adopting or resetting orphaned tasks for active dag runs
2024-01-20 13:42:16,631 INFO - Adopting or resetting orphaned tasks for active dag runs
2024-01-20 13:47:16,742 INFO - Adopting or resetting orphaned tasks for active dag runs
2024-01-20 13:52:16,876 INFO - Adopting or resetting orphaned tasks for active dag runs
2024-01-20 13:57:17,016 INFO - Adopting or resetting orphaned tasks for active dag runs
2024-01-20 14:02:17,152 INFO - Adopting or resetting orphaned tasks for active dag runs
2024-01-20 14:07:17,287 INFO - Adopting or resetting orphaned tasks for active dag runs
2024-01-20 14:12:17,370 INFO - Adopting or resetting orphaned tasks for active dag runs
2024-01-20 14:17:17,505 INFO - Adopting or resetting orphaned tasks for active dag runs
2024-01-20 14:22:17,641 INFO - Adopting or resetting orphaned tasks for active dag runs
2024-01-20 14:27:17,661 INFO - Adopting or resetting orphaned tasks for active dag runs
2024-01-20 14:32:17,796 INFO - Adopting or resetting orphaned tasks for active dag runs
2024-01-20 14:37:18,439 INFO - Adopting or resetting orphaned tasks for active dag runs
2024-01-20 14:42:18,489 INFO - Adopting or resetting orphaned tasks for active dag runs
2024-01-20 14:47:18,622 INFO - Adopting or resetting orphaned tasks for active dag runs
2024-01-20 14:52:18,666 INFO - Adopting or resetting orphaned tasks for active dag runs
2024-01-20 14:57:18,808 INFO - Adopting or resetting orphaned tasks for active dag runs
2024-01-20 15:02:18,943 INFO - Adopting or resetting orphaned tasks for active dag runs
2024-01-20 15:07:19,082 INFO - Adopting or resetting orphaned tasks for active dag runs
2024-01-20 15:12:19,224 INFO - Adopting or resetting orphaned tasks for active dag runs
2024-01-20 15:17:19,303 INFO - Adopting or resetting orphaned tasks for active dag runs
2024-01-20 15:22:19,538 INFO - Adopting or resetting orphaned tasks for active dag runs
2024-01-20 15:27:19,677 INFO - Adopting or resetting orphaned tasks for active dag runs
2024-01-20 15:32:19,816 INFO - Adopting or resetting orphaned tasks for active dag runs
2024-01-20 15:37:19,951 INFO - Adopting or resetting orphaned tasks for active dag runs
2024-01-20 15:42:19,963 INFO - Adopting or resetting orphaned tasks for active dag runs
2024-01-20 15:47:20,036 INFO - Adopting or resetting orphaned tasks for active dag runs
2024-01-20 15:52:20,168 INFO - Adopting or resetting orphaned tasks for active dag runs
2024-01-20 15:57:20,287 INFO - Adopting or resetting orphaned tasks for active dag runs
2024-01-20 16:02:20,424 INFO - Adopting or resetting orphaned tasks for active dag runs
2024-01-20 16:07:20,558 INFO - Adopting or resetting orphaned tasks for active dag runs
2024-01-20 16:12:20,691 INFO - Adopting or resetting orphaned tasks for active dag runs
2024-01-20 16:17:20,825 INFO - Adopting or resetting orphaned tasks for active dag runs
2024-01-20 16:22:20,877 INFO - Adopting or resetting orphaned tasks for active dag runs
2024-01-20 16:27:21,012 INFO - Adopting or resetting orphaned tasks for active dag runs
2024-01-20 16:32:21,147 INFO - Adopting or resetting orphaned tasks for active dag runs
2024-01-20 16:37:21,280 INFO - Adopting or resetting orphaned tasks for active dag runs
2024-01-20 16:42:21,419 INFO - Adopting or resetting orphaned tasks for active dag runs
2024-01-20 16:47:21,553 INFO - Adopting or resetting orphaned tasks for active dag runs
2024-01-20 16:52:21,688 INFO - Adopting or resetting orphaned tasks for active dag runs
2024-01-20 16:57:21,901 INFO - Adopting or resetting orphaned tasks for active dag runs
2024-01-20 17:02:22,065 INFO - Adopting or resetting orphaned tasks for active dag runs
2024-01-20 17:07:22,200 INFO - Adopting or resetting orphaned tasks for active dag runs
2024-01-20 17:12:22,318 INFO - Adopting or resetting orphaned tasks for active dag runs
2024-01-20 17:17:22,503 INFO - Adopting or resetting orphaned tasks for active dag runs
2024-01-20 17:22:22,637 INFO - Adopting or resetting orphaned tasks for active dag runs
2024-01-20 17:27:22,761 INFO - Adopting or resetting orphaned tasks for active dag runs
2024-01-20 17:32:23,008 INFO - Adopting or resetting orphaned tasks for active dag runs
2024-01-20 17:37:23,147 INFO - Adopting or resetting orphaned tasks for active dag runs
2024-01-20 17:42:23,286 INFO - Adopting or resetting orphaned tasks for active dag runs
2024-01-20 17:47:23,422 INFO - Adopting or resetting orphaned tasks for active dag runs
2024-01-20 17:52:23,557 INFO - Adopting or resetting orphaned tasks for active dag runs
2024-01-20 17:57:23,692 INFO - Adopting or resetting orphaned tasks for active dag runs
2024-01-20 18:02:23,881 INFO - Adopting or resetting orphaned tasks for active dag runs
2024-01-20 18:07:24,020 INFO - Adopting or resetting orphaned tasks for active dag runs
2024-01-20 18:12:24,220 INFO - Adopting or resetting orphaned tasks for active dag runs
2024-01-20 18:17:24,354 INFO - Adopting or resetting orphaned tasks for active dag runs
2024-01-20 18:22:24,493 INFO - Adopting or resetting orphaned tasks for active dag runs
2024-01-20 18:27:24,525 INFO - Adopting or resetting orphaned tasks for active dag runs
2024-01-20 18:32:24,657 INFO - Adopting or resetting orphaned tasks for active dag runs
2024-01-20 18:37:24,796 INFO - Adopting or resetting orphaned tasks for active dag runs
2024-01-20 18:42:24,931 INFO - Adopting or resetting orphaned tasks for active dag runs
2024-01-20 18:47:25,067 INFO - Adopting or resetting orphaned tasks for active dag runs
2024-01-20 18:52:25,201 INFO - Adopting or resetting orphaned tasks for active dag runs
2024-01-20 18:57:25,350 INFO - Adopting or resetting orphaned tasks for active dag runs
2024-01-20 19:02:25,485 INFO - Adopting or resetting orphaned tasks for active dag runs
2024-01-20 19:07:25,634 INFO - Adopting or resetting orphaned tasks for active dag runs
2024-01-20 19:12:25,755 INFO - Adopting or resetting orphaned tasks for active dag runs
2024-01-20 19:17:25,921 INFO - Adopting or resetting orphaned tasks for active dag runs
2024-01-20 19:22:26,057 INFO - Adopting or resetting orphaned tasks for active dag runs
2024-01-20 19:27:26,193 INFO - Adopting or resetting orphaned tasks for active dag runs
2024-01-20 19:32:26,331 INFO - Adopting or resetting orphaned tasks for active dag runs
2024-01-20 19:37:26,465 INFO - Adopting or resetting orphaned tasks for active dag runs
2024-01-20 19:42:26,601 INFO - Adopting or resetting orphaned tasks for active dag runs
2024-01-20 19:47:26,837 INFO - Adopting or resetting orphaned tasks for active dag runs
2024-01-20 19:52:27,172 INFO - Adopting or resetting orphaned tasks for active dag runs
2024-01-20 19:57:27,307 INFO - Adopting or resetting orphaned tasks for active dag runs
2024-01-20 20:02:27,440 INFO - Adopting or resetting orphaned tasks for active dag runs
2024-01-20 20:07:27,529 INFO - Adopting or resetting orphaned tasks for active dag runs
2024-01-20 20:12:27,662 INFO - Adopting or resetting orphaned tasks for active dag runs
2024-01-20 20:17:27,829 INFO - Adopting or resetting orphaned tasks for active dag runs
2024-01-20 20:22:27,961 INFO - Adopting or resetting orphaned tasks for active dag runs
2024-01-20 20:27:28,099 INFO - Adopting or resetting orphaned tasks for active dag runs
2024-01-20 20:32:28,254 INFO - Adopting or resetting orphaned tasks for active dag runs
2024-01-20 20:37:28,495 INFO - Adopting or resetting orphaned tasks for active dag runs
2024-01-20 20:42:28,631 INFO - Adopting or resetting orphaned tasks for active dag runs
2024-01-20 20:47:29,172 INFO - Adopting or resetting orphaned tasks for active dag runs
2024-01-20 20:52:29,309 INFO - Adopting or resetting orphaned tasks for active dag runs
2024-01-20 20:57:29,450 INFO - Adopting or resetting orphaned tasks for active dag runs
2024-01-20 21:02:29,892 INFO - Adopting or resetting orphaned tasks for active dag runs
2024-01-20 21:07:30,028 INFO - Adopting or resetting orphaned tasks for active dag runs
2024-01-20 21:12:30,267 INFO - Adopting or resetting orphaned tasks for active dag runs
2024-01-20 21:17:30,405 INFO - Adopting or resetting orphaned tasks for active dag runs
2024-01-20 21:22:30,549 INFO - Adopting or resetting orphaned tasks for active dag runs
2024-01-20 21:27:30,683 INFO - Adopting or resetting orphaned tasks for active dag runs
2024-01-20 21:32:30,837 INFO - Adopting or resetting orphaned tasks for active dag runs
2024-01-20 21:37:30,978 INFO - Adopting or resetting orphaned tasks for active dag runs
2024-01-20 21:42:31,114 INFO - Adopting or resetting orphaned tasks for active dag runs
2024-01-20 21:47:31,349 INFO - Adopting or resetting orphaned tasks for active dag runs
2024-01-20 21:52:31,396 INFO - Adopting or resetting orphaned tasks for active dag runs
2024-01-20 21:57:31,529 INFO - Adopting or resetting orphaned tasks for active dag runs
2024-01-20 22:02:31,735 INFO - Adopting or resetting orphaned tasks for active dag runs
2024-01-20 22:07:32,047 INFO - Adopting or resetting orphaned tasks for active dag runs
2024-01-20 22:12:32,180 INFO - Adopting or resetting orphaned tasks for active dag runs
2024-01-20 22:17:32,315 INFO - Adopting or resetting orphaned tasks for active dag runs
2024-01-20 22:22:32,448 INFO - Adopting or resetting orphaned tasks for active dag runs
2024-01-20 22:27:32,582 INFO - Adopting or resetting orphaned tasks for active dag runs
2024-01-20 22:32:32,738 INFO - Adopting or resetting orphaned tasks for active dag runs
2024-01-20 22:37:32,891 INFO - Adopting or resetting orphaned tasks for active dag runs
2024-01-20 22:42:33,030 INFO - Adopting or resetting orphaned tasks for active dag runs
2024-01-20 22:47:33,169 INFO - Adopting or resetting orphaned tasks for active dag runs
2024-01-20 22:52:33,310 INFO - Adopting or resetting orphaned tasks for active dag runs
2024-01-20 22:57:33,453 INFO - Adopting or resetting orphaned tasks for active dag runs
2024-01-20 23:02:34,439 INFO - Adopting or resetting orphaned tasks for active dag runs
2024-01-20 23:07:34,729 INFO - Adopting or resetting orphaned tasks for active dag runs
2024-01-20 23:12:34,885 INFO - Adopting or resetting orphaned tasks for active dag runs
2024-01-20 23:17:35,023 INFO - Adopting or resetting orphaned tasks for active dag runs
2024-01-20 23:22:35,159 INFO - Adopting or resetting orphaned tasks for active dag runs
2024-01-20 23:27:35,426 INFO - Adopting or resetting orphaned tasks for active dag runs
2024-01-20 23:32:35,742 INFO - Adopting or resetting orphaned tasks for active dag runs
2024-01-20 23:37:35,992 INFO - Adopting or resetting orphaned tasks for active dag runs
2024-01-20 23:42:38,437 INFO - Adopting or resetting orphaned tasks for active dag runs
2024-01-20 23:47:38,676 INFO - Adopting or resetting orphaned tasks for active dag runs
2024-01-20 23:52:38,838 INFO - Adopting or resetting orphaned tasks for active dag runs
2024-01-20 23:53:21,242 INFO - Setting next_dagrun for tutorial to 2024-01-21 00:00:00+00:00, run_after=2024-01-22 00:00:00+00:00
2024-01-20 23:53:21,338 INFO - 1 tasks up for execution:
	<TaskInstance: tutorial.print_date scheduled__2024-01-20T00:00:00+00:00 [scheduled]>
2024-01-20 23:53:21,338 INFO - DAG tutorial has 0/16 running and queued tasks
2024-01-20 23:53:21,338 INFO - Setting the following tasks to queued state:
	<TaskInstance: tutorial.print_date scheduled__2024-01-20T00:00:00+00:00 [scheduled]>
2024-01-20 23:53:21,340 WARNING - cannot record scheduled_duration for task print_date because previous state change time has not been saved
2024-01-20 23:53:21,340 INFO - Sending TaskInstanceKey(dag_id='tutorial', task_id='print_date', run_id='scheduled__2024-01-20T00:00:00+00:00', try_number=1, map_index=-1) to executor with priority 3 and queue default
2024-01-20 23:53:21,340 INFO - Adding to queue: ['airflow', 'tasks', 'run', 'tutorial', 'print_date', 'scheduled__2024-01-20T00:00:00+00:00', '--local', '--subdir', '/usr/local/lib/python3.9/site-packages/airflow/example_dags/tutorial.py']
2024-01-20 23:53:21,359 INFO - Executing command: ['airflow', 'tasks', 'run', 'tutorial', 'print_date', 'scheduled__2024-01-20T00:00:00+00:00', '--local', '--subdir', '/usr/local/lib/python3.9/site-packages/airflow/example_dags/tutorial.py']
2024-01-20 23:53:23,698 INFO - Received executor event with state success for task instance TaskInstanceKey(dag_id='tutorial', task_id='print_date', run_id='scheduled__2024-01-20T00:00:00+00:00', try_number=1, map_index=-1)
2024-01-20 23:53:23,705 INFO - TaskInstance Finished: dag_id=tutorial, task_id=print_date, run_id=scheduled__2024-01-20T00:00:00+00:00, map_index=-1, run_start_date=2024-01-21 04:53:23.149598+00:00, run_end_date=2024-01-21 04:53:23.372012+00:00, run_duration=0.222414, state=success, executor_state=success, try_number=1, max_tries=1, job_id=7, pool=default_pool, queue=default, priority_weight=3, operator=BashOperator, queued_dttm=2024-01-21 04:53:21.339259+00:00, queued_by_job_id=6, pid=109092
2024-01-20 23:53:23,859 INFO - 2 tasks up for execution:
	<TaskInstance: tutorial.sleep scheduled__2024-01-20T00:00:00+00:00 [scheduled]>
	<TaskInstance: tutorial.templated scheduled__2024-01-20T00:00:00+00:00 [scheduled]>
2024-01-20 23:53:23,859 INFO - DAG tutorial has 0/16 running and queued tasks
2024-01-20 23:53:23,859 INFO - DAG tutorial has 1/16 running and queued tasks
2024-01-20 23:53:23,859 INFO - Setting the following tasks to queued state:
	<TaskInstance: tutorial.sleep scheduled__2024-01-20T00:00:00+00:00 [scheduled]>
	<TaskInstance: tutorial.templated scheduled__2024-01-20T00:00:00+00:00 [scheduled]>
2024-01-20 23:53:23,860 WARNING - cannot record scheduled_duration for task sleep because previous state change time has not been saved
2024-01-20 23:53:23,860 WARNING - cannot record scheduled_duration for task templated because previous state change time has not been saved
2024-01-20 23:53:23,861 INFO - Sending TaskInstanceKey(dag_id='tutorial', task_id='sleep', run_id='scheduled__2024-01-20T00:00:00+00:00', try_number=1, map_index=-1) to executor with priority 1 and queue default
2024-01-20 23:53:23,861 INFO - Adding to queue: ['airflow', 'tasks', 'run', 'tutorial', 'sleep', 'scheduled__2024-01-20T00:00:00+00:00', '--local', '--subdir', '/usr/local/lib/python3.9/site-packages/airflow/example_dags/tutorial.py']
2024-01-20 23:53:23,861 INFO - Sending TaskInstanceKey(dag_id='tutorial', task_id='templated', run_id='scheduled__2024-01-20T00:00:00+00:00', try_number=1, map_index=-1) to executor with priority 1 and queue default
2024-01-20 23:53:23,861 INFO - Adding to queue: ['airflow', 'tasks', 'run', 'tutorial', 'templated', 'scheduled__2024-01-20T00:00:00+00:00', '--local', '--subdir', '/usr/local/lib/python3.9/site-packages/airflow/example_dags/tutorial.py']
2024-01-20 23:53:23,872 INFO - Executing command: ['airflow', 'tasks', 'run', 'tutorial', 'sleep', 'scheduled__2024-01-20T00:00:00+00:00', '--local', '--subdir', '/usr/local/lib/python3.9/site-packages/airflow/example_dags/tutorial.py']
2024-01-20 23:53:30,727 INFO - Executing command: ['airflow', 'tasks', 'run', 'tutorial', 'templated', 'scheduled__2024-01-20T00:00:00+00:00', '--local', '--subdir', '/usr/local/lib/python3.9/site-packages/airflow/example_dags/tutorial.py']
2024-01-20 23:53:32,741 INFO - Received executor event with state success for task instance TaskInstanceKey(dag_id='tutorial', task_id='sleep', run_id='scheduled__2024-01-20T00:00:00+00:00', try_number=1, map_index=-1)
2024-01-20 23:53:32,742 INFO - Received executor event with state success for task instance TaskInstanceKey(dag_id='tutorial', task_id='templated', run_id='scheduled__2024-01-20T00:00:00+00:00', try_number=1, map_index=-1)
2024-01-20 23:53:32,746 INFO - TaskInstance Finished: dag_id=tutorial, task_id=sleep, run_id=scheduled__2024-01-20T00:00:00+00:00, map_index=-1, run_start_date=2024-01-21 04:53:25.262020+00:00, run_end_date=2024-01-21 04:53:30.449332+00:00, run_duration=5.187312, state=success, executor_state=success, try_number=1, max_tries=3, job_id=8, pool=default_pool, queue=default, priority_weight=1, operator=BashOperator, queued_dttm=2024-01-21 04:53:23.860092+00:00, queued_by_job_id=6, pid=109096
2024-01-20 23:53:32,746 INFO - TaskInstance Finished: dag_id=tutorial, task_id=templated, run_id=scheduled__2024-01-20T00:00:00+00:00, map_index=-1, run_start_date=2024-01-21 04:53:32.162741+00:00, run_end_date=2024-01-21 04:53:32.322573+00:00, run_duration=0.159832, state=success, executor_state=success, try_number=1, max_tries=1, job_id=9, pool=default_pool, queue=default, priority_weight=1, operator=BashOperator, queued_dttm=2024-01-21 04:53:23.860092+00:00, queued_by_job_id=6, pid=109099
2024-01-20 23:53:32,925 INFO - Marking run <DagRun tutorial @ 2024-01-20 00:00:00+00:00: scheduled__2024-01-20T00:00:00+00:00, state:running, queued_at: 2024-01-21 04:53:21.236443+00:00. externally triggered: False> successful
2024-01-20 23:53:32,926 INFO - DagRun Finished: dag_id=tutorial, execution_date=2024-01-20 00:00:00+00:00, run_id=scheduled__2024-01-20T00:00:00+00:00, run_start_date=2024-01-21 04:53:21.261550+00:00, run_end_date=2024-01-21 04:53:32.926115+00:00, run_duration=11.664565, state=success, external_trigger=False, run_type=scheduled, data_interval_start=2024-01-20 00:00:00+00:00, data_interval_end=2024-01-21 00:00:00+00:00, dag_hash=56a3ca98a4bc2ccb69780f6a32611db3
2024-01-20 23:53:32,928 INFO - Setting next_dagrun for tutorial to 2024-01-21 00:00:00+00:00, run_after=2024-01-22 00:00:00+00:00
2024-01-20 23:53:32,944 INFO - 1 tasks up for execution:
	<TaskInstance: tutorial.print_date manual__2024-01-21T04:53:25.710957+00:00 [scheduled]>
2024-01-20 23:53:32,944 INFO - DAG tutorial has 0/16 running and queued tasks
2024-01-20 23:53:32,944 INFO - Setting the following tasks to queued state:
	<TaskInstance: tutorial.print_date manual__2024-01-21T04:53:25.710957+00:00 [scheduled]>
2024-01-20 23:53:32,945 WARNING - cannot record scheduled_duration for task print_date because previous state change time has not been saved
2024-01-20 23:53:32,945 INFO - Sending TaskInstanceKey(dag_id='tutorial', task_id='print_date', run_id='manual__2024-01-21T04:53:25.710957+00:00', try_number=1, map_index=-1) to executor with priority 3 and queue default
2024-01-20 23:53:32,945 INFO - Adding to queue: ['airflow', 'tasks', 'run', 'tutorial', 'print_date', 'manual__2024-01-21T04:53:25.710957+00:00', '--local', '--subdir', '/usr/local/lib/python3.9/site-packages/airflow/example_dags/tutorial.py']
2024-01-20 23:53:32,955 INFO - Executing command: ['airflow', 'tasks', 'run', 'tutorial', 'print_date', 'manual__2024-01-21T04:53:25.710957+00:00', '--local', '--subdir', '/usr/local/lib/python3.9/site-packages/airflow/example_dags/tutorial.py']
2024-01-20 23:53:34,837 INFO - Received executor event with state success for task instance TaskInstanceKey(dag_id='tutorial', task_id='print_date', run_id='manual__2024-01-21T04:53:25.710957+00:00', try_number=1, map_index=-1)
2024-01-20 23:53:34,842 INFO - TaskInstance Finished: dag_id=tutorial, task_id=print_date, run_id=manual__2024-01-21T04:53:25.710957+00:00, map_index=-1, run_start_date=2024-01-21 04:53:34.341573+00:00, run_end_date=2024-01-21 04:53:34.499442+00:00, run_duration=0.157869, state=success, executor_state=success, try_number=1, max_tries=1, job_id=10, pool=default_pool, queue=default, priority_weight=3, operator=BashOperator, queued_dttm=2024-01-21 04:53:32.944868+00:00, queued_by_job_id=6, pid=109103
2024-01-20 23:53:34,993 INFO - 2 tasks up for execution:
	<TaskInstance: tutorial.sleep manual__2024-01-21T04:53:25.710957+00:00 [scheduled]>
	<TaskInstance: tutorial.templated manual__2024-01-21T04:53:25.710957+00:00 [scheduled]>
2024-01-20 23:53:34,994 INFO - DAG tutorial has 0/16 running and queued tasks
2024-01-20 23:53:34,994 INFO - DAG tutorial has 1/16 running and queued tasks
2024-01-20 23:53:34,994 INFO - Setting the following tasks to queued state:
	<TaskInstance: tutorial.sleep manual__2024-01-21T04:53:25.710957+00:00 [scheduled]>
	<TaskInstance: tutorial.templated manual__2024-01-21T04:53:25.710957+00:00 [scheduled]>
2024-01-20 23:53:34,995 WARNING - cannot record scheduled_duration for task sleep because previous state change time has not been saved
2024-01-20 23:53:34,995 WARNING - cannot record scheduled_duration for task templated because previous state change time has not been saved
2024-01-20 23:53:34,995 INFO - Sending TaskInstanceKey(dag_id='tutorial', task_id='sleep', run_id='manual__2024-01-21T04:53:25.710957+00:00', try_number=1, map_index=-1) to executor with priority 1 and queue default
2024-01-20 23:53:34,995 INFO - Adding to queue: ['airflow', 'tasks', 'run', 'tutorial', 'sleep', 'manual__2024-01-21T04:53:25.710957+00:00', '--local', '--subdir', '/usr/local/lib/python3.9/site-packages/airflow/example_dags/tutorial.py']
2024-01-20 23:53:34,995 INFO - Sending TaskInstanceKey(dag_id='tutorial', task_id='templated', run_id='manual__2024-01-21T04:53:25.710957+00:00', try_number=1, map_index=-1) to executor with priority 1 and queue default
2024-01-20 23:53:34,996 INFO - Adding to queue: ['airflow', 'tasks', 'run', 'tutorial', 'templated', 'manual__2024-01-21T04:53:25.710957+00:00', '--local', '--subdir', '/usr/local/lib/python3.9/site-packages/airflow/example_dags/tutorial.py']
2024-01-20 23:53:35,010 INFO - Executing command: ['airflow', 'tasks', 'run', 'tutorial', 'sleep', 'manual__2024-01-21T04:53:25.710957+00:00', '--local', '--subdir', '/usr/local/lib/python3.9/site-packages/airflow/example_dags/tutorial.py']
2024-01-20 23:53:41,956 INFO - Executing command: ['airflow', 'tasks', 'run', 'tutorial', 'templated', 'manual__2024-01-21T04:53:25.710957+00:00', '--local', '--subdir', '/usr/local/lib/python3.9/site-packages/airflow/example_dags/tutorial.py']
2024-01-20 23:53:43,903 INFO - Received executor event with state success for task instance TaskInstanceKey(dag_id='tutorial', task_id='sleep', run_id='manual__2024-01-21T04:53:25.710957+00:00', try_number=1, map_index=-1)
2024-01-20 23:53:43,903 INFO - Received executor event with state success for task instance TaskInstanceKey(dag_id='tutorial', task_id='templated', run_id='manual__2024-01-21T04:53:25.710957+00:00', try_number=1, map_index=-1)
2024-01-20 23:53:43,908 INFO - TaskInstance Finished: dag_id=tutorial, task_id=sleep, run_id=manual__2024-01-21T04:53:25.710957+00:00, map_index=-1, run_start_date=2024-01-21 04:53:36.505591+00:00, run_end_date=2024-01-21 04:53:41.669015+00:00, run_duration=5.163424, state=success, executor_state=success, try_number=1, max_tries=3, job_id=11, pool=default_pool, queue=default, priority_weight=1, operator=BashOperator, queued_dttm=2024-01-21 04:53:34.994669+00:00, queued_by_job_id=6, pid=109107
2024-01-20 23:53:43,908 INFO - TaskInstance Finished: dag_id=tutorial, task_id=templated, run_id=manual__2024-01-21T04:53:25.710957+00:00, map_index=-1, run_start_date=2024-01-21 04:53:43.469879+00:00, run_end_date=2024-01-21 04:53:43.618568+00:00, run_duration=0.148689, state=success, executor_state=success, try_number=1, max_tries=1, job_id=12, pool=default_pool, queue=default, priority_weight=1, operator=BashOperator, queued_dttm=2024-01-21 04:53:34.994669+00:00, queued_by_job_id=6, pid=109110
2024-01-20 23:53:44,060 INFO - Marking run <DagRun tutorial @ 2024-01-21 04:53:25.710957+00:00: manual__2024-01-21T04:53:25.710957+00:00, state:running, queued_at: 2024-01-21 04:53:25.721423+00:00. externally triggered: True> successful
2024-01-20 23:53:44,060 INFO - DagRun Finished: dag_id=tutorial, execution_date=2024-01-21 04:53:25.710957+00:00, run_id=manual__2024-01-21T04:53:25.710957+00:00, run_start_date=2024-01-21 04:53:32.900529+00:00, run_end_date=2024-01-21 04:53:44.060435+00:00, run_duration=11.159906, state=success, external_trigger=True, run_type=manual, data_interval_start=2024-01-20 04:53:25.710957+00:00, data_interval_end=2024-01-21 04:53:25.710957+00:00, dag_hash=56a3ca98a4bc2ccb69780f6a32611db3
2024-01-20 23:57:38,974 INFO - Adopting or resetting orphaned tasks for active dag runs
2024-01-21 00:02:39,118 INFO - Adopting or resetting orphaned tasks for active dag runs
2024-01-21 00:07:39,261 INFO - Adopting or resetting orphaned tasks for active dag runs
2024-01-21 00:12:39,395 INFO - Adopting or resetting orphaned tasks for active dag runs
2024-01-21 00:17:39,538 INFO - Adopting or resetting orphaned tasks for active dag runs
2024-01-21 00:22:39,777 INFO - Adopting or resetting orphaned tasks for active dag runs
2024-01-21 00:27:39,945 INFO - Adopting or resetting orphaned tasks for active dag runs
2024-01-21 00:32:40,175 INFO - Adopting or resetting orphaned tasks for active dag runs
2024-01-21 00:37:40,199 INFO - Adopting or resetting orphaned tasks for active dag runs
2024-01-21 00:42:40,340 INFO - Adopting or resetting orphaned tasks for active dag runs
2024-01-21 00:47:40,480 INFO - Adopting or resetting orphaned tasks for active dag runs
2024-01-21 00:52:40,641 INFO - Adopting or resetting orphaned tasks for active dag runs
2024-01-21 00:57:40,791 INFO - Adopting or resetting orphaned tasks for active dag runs
2024-01-21 01:02:40,894 INFO - Adopting or resetting orphaned tasks for active dag runs
2024-01-21 01:07:41,032 INFO - Adopting or resetting orphaned tasks for active dag runs
2024-01-21 01:12:41,182 INFO - Adopting or resetting orphaned tasks for active dag runs
2024-01-21 01:17:41,545 INFO - Adopting or resetting orphaned tasks for active dag runs
2024-01-21 01:22:41,656 INFO - Adopting or resetting orphaned tasks for active dag runs
2024-01-21 01:27:41,805 INFO - Adopting or resetting orphaned tasks for active dag runs
2024-01-21 01:32:42,042 INFO - Adopting or resetting orphaned tasks for active dag runs
2024-01-21 01:37:42,204 INFO - Adopting or resetting orphaned tasks for active dag runs
2024-01-21 01:42:42,351 INFO - Adopting or resetting orphaned tasks for active dag runs
2024-01-21 01:47:42,491 INFO - Adopting or resetting orphaned tasks for active dag runs
2024-01-21 01:52:42,734 INFO - Adopting or resetting orphaned tasks for active dag runs
2024-01-21 01:57:42,956 INFO - Adopting or resetting orphaned tasks for active dag runs
2024-01-21 02:02:43,100 INFO - Adopting or resetting orphaned tasks for active dag runs
2024-01-21 02:07:43,452 INFO - Adopting or resetting orphaned tasks for active dag runs
2024-01-21 02:12:43,594 INFO - Adopting or resetting orphaned tasks for active dag runs
2024-01-21 02:17:43,734 INFO - Adopting or resetting orphaned tasks for active dag runs
2024-01-21 02:22:43,869 INFO - Adopting or resetting orphaned tasks for active dag runs
2024-01-21 02:27:44,011 INFO - Adopting or resetting orphaned tasks for active dag runs
2024-01-21 02:32:44,149 INFO - Adopting or resetting orphaned tasks for active dag runs
2024-01-21 02:37:44,285 INFO - Adopting or resetting orphaned tasks for active dag runs
2024-01-21 02:42:44,420 INFO - Adopting or resetting orphaned tasks for active dag runs
2024-01-21 02:47:44,671 INFO - Adopting or resetting orphaned tasks for active dag runs
2024-01-21 02:52:44,806 INFO - Adopting or resetting orphaned tasks for active dag runs
2024-01-21 02:57:44,948 INFO - Adopting or resetting orphaned tasks for active dag runs
2024-01-21 03:02:45,082 INFO - Adopting or resetting orphaned tasks for active dag runs
2024-01-21 03:07:45,232 INFO - Adopting or resetting orphaned tasks for active dag runs
2024-01-21 03:12:45,365 INFO - Adopting or resetting orphaned tasks for active dag runs
2024-01-21 03:17:45,504 INFO - Adopting or resetting orphaned tasks for active dag runs
2024-01-21 03:22:45,638 INFO - Adopting or resetting orphaned tasks for active dag runs
2024-01-21 03:27:45,789 INFO - Adopting or resetting orphaned tasks for active dag runs
2024-01-21 03:32:45,961 INFO - Adopting or resetting orphaned tasks for active dag runs
2024-01-21 03:37:46,095 INFO - Adopting or resetting orphaned tasks for active dag runs
2024-01-21 03:42:46,233 INFO - Adopting or resetting orphaned tasks for active dag runs
2024-01-21 03:47:46,373 INFO - Adopting or resetting orphaned tasks for active dag runs
2024-01-21 03:52:46,509 INFO - Adopting or resetting orphaned tasks for active dag runs
2024-01-21 03:57:46,744 INFO - Adopting or resetting orphaned tasks for active dag runs
2024-01-21 04:02:46,878 INFO - Adopting or resetting orphaned tasks for active dag runs
2024-01-21 04:07:47,016 INFO - Adopting or resetting orphaned tasks for active dag runs
2024-01-21 04:12:47,150 INFO - Adopting or resetting orphaned tasks for active dag runs
2024-01-21 04:17:47,284 INFO - Adopting or resetting orphaned tasks for active dag runs
2024-01-21 04:22:47,421 INFO - Adopting or resetting orphaned tasks for active dag runs
2024-01-21 04:27:47,556 INFO - Adopting or resetting orphaned tasks for active dag runs
2024-01-21 04:32:47,732 INFO - Adopting or resetting orphaned tasks for active dag runs
2024-01-21 04:37:47,800 INFO - Adopting or resetting orphaned tasks for active dag runs
2024-01-21 04:42:47,934 INFO - Adopting or resetting orphaned tasks for active dag runs
2024-01-21 04:47:48,176 INFO - Adopting or resetting orphaned tasks for active dag runs
2024-01-21 04:52:48,326 INFO - Adopting or resetting orphaned tasks for active dag runs
2024-01-21 04:57:48,460 INFO - Adopting or resetting orphaned tasks for active dag runs
2024-01-21 05:02:48,596 INFO - Adopting or resetting orphaned tasks for active dag runs
2024-01-21 05:07:48,742 INFO - Adopting or resetting orphaned tasks for active dag runs
2024-01-21 05:12:48,877 INFO - Adopting or resetting orphaned tasks for active dag runs
2024-01-21 05:17:49,021 INFO - Adopting or resetting orphaned tasks for active dag runs
2024-01-21 05:22:49,258 INFO - Adopting or resetting orphaned tasks for active dag runs
2024-01-21 05:27:49,464 INFO - Adopting or resetting orphaned tasks for active dag runs
2024-01-21 05:32:49,531 INFO - Adopting or resetting orphaned tasks for active dag runs
2024-01-21 05:37:49,674 INFO - Adopting or resetting orphaned tasks for active dag runs
2024-01-21 05:42:49,814 INFO - Adopting or resetting orphaned tasks for active dag runs
2024-01-21 05:47:49,945 INFO - Adopting or resetting orphaned tasks for active dag runs
2024-01-21 05:52:50,183 INFO - Adopting or resetting orphaned tasks for active dag runs
2024-01-21 05:57:50,317 INFO - Adopting or resetting orphaned tasks for active dag runs
2024-01-21 06:02:50,450 INFO - Adopting or resetting orphaned tasks for active dag runs
2024-01-21 06:07:50,598 INFO - Adopting or resetting orphaned tasks for active dag runs
2024-01-21 06:12:50,733 INFO - Adopting or resetting orphaned tasks for active dag runs
2024-01-21 06:17:50,978 INFO - Adopting or resetting orphaned tasks for active dag runs
2024-01-21 06:22:51,131 INFO - Adopting or resetting orphaned tasks for active dag runs
2024-01-21 06:27:51,163 INFO - Adopting or resetting orphaned tasks for active dag runs
2024-01-21 06:32:51,400 INFO - Adopting or resetting orphaned tasks for active dag runs
2024-01-21 06:37:51,409 INFO - Adopting or resetting orphaned tasks for active dag runs
2024-01-21 06:42:51,747 INFO - Adopting or resetting orphaned tasks for active dag runs
2024-01-21 06:47:51,885 INFO - Adopting or resetting orphaned tasks for active dag runs
2024-01-21 06:52:52,579 INFO - Adopting or resetting orphaned tasks for active dag runs
2024-01-21 06:57:52,716 INFO - Adopting or resetting orphaned tasks for active dag runs
2024-01-21 07:02:52,850 INFO - Adopting or resetting orphaned tasks for active dag runs
2024-01-21 07:07:52,982 INFO - Adopting or resetting orphaned tasks for active dag runs
2024-01-21 07:12:53,117 INFO - Adopting or resetting orphaned tasks for active dag runs
2024-01-21 07:17:53,322 INFO - Adopting or resetting orphaned tasks for active dag runs
2024-01-21 07:22:53,455 INFO - Adopting or resetting orphaned tasks for active dag runs
2024-01-21 07:27:53,590 INFO - Adopting or resetting orphaned tasks for active dag runs
2024-01-21 07:32:53,824 INFO - Adopting or resetting orphaned tasks for active dag runs
2024-01-21 07:37:53,973 INFO - Adopting or resetting orphaned tasks for active dag runs
2024-01-21 07:42:54,110 INFO - Adopting or resetting orphaned tasks for active dag runs
2024-01-21 07:47:54,243 INFO - Adopting or resetting orphaned tasks for active dag runs
2024-01-21 07:52:54,378 INFO - Adopting or resetting orphaned tasks for active dag runs
2024-01-21 07:57:54,512 INFO - Adopting or resetting orphaned tasks for active dag runs
2024-01-21 08:02:54,645 INFO - Adopting or resetting orphaned tasks for active dag runs
2024-01-21 08:07:54,780 INFO - Adopting or resetting orphaned tasks for active dag runs
2024-01-21 08:12:54,885 INFO - Adopting or resetting orphaned tasks for active dag runs
2024-01-21 08:17:55,056 INFO - Adopting or resetting orphaned tasks for active dag runs
2024-01-21 08:22:55,200 INFO - Adopting or resetting orphaned tasks for active dag runs
2024-01-21 08:27:55,336 INFO - Adopting or resetting orphaned tasks for active dag runs
2024-01-21 08:32:55,481 INFO - Adopting or resetting orphaned tasks for active dag runs
2024-01-21 08:37:55,614 INFO - Adopting or resetting orphaned tasks for active dag runs
2024-01-21 08:42:55,753 INFO - Adopting or resetting orphaned tasks for active dag runs
2024-01-21 08:47:55,991 INFO - Adopting or resetting orphaned tasks for active dag runs
2024-01-21 08:52:56,125 INFO - Adopting or resetting orphaned tasks for active dag runs
2024-01-21 08:57:56,259 INFO - Adopting or resetting orphaned tasks for active dag runs
2024-01-21 09:02:56,595 INFO - Adopting or resetting orphaned tasks for active dag runs
2024-01-21 09:07:56,757 INFO - Adopting or resetting orphaned tasks for active dag runs
2024-01-21 09:12:56,896 INFO - Adopting or resetting orphaned tasks for active dag runs
2024-01-21 09:17:56,936 INFO - Adopting or resetting orphaned tasks for active dag runs
2024-01-21 09:22:57,070 INFO - Adopting or resetting orphaned tasks for active dag runs
2024-01-21 09:27:57,205 INFO - Adopting or resetting orphaned tasks for active dag runs
2024-01-21 09:32:57,339 INFO - Adopting or resetting orphaned tasks for active dag runs
2024-01-21 09:37:57,732 INFO - Adopting or resetting orphaned tasks for active dag runs
2024-01-21 09:42:57,866 INFO - Adopting or resetting orphaned tasks for active dag runs
2024-01-21 09:47:58,008 INFO - Adopting or resetting orphaned tasks for active dag runs
2024-01-21 09:52:58,150 INFO - Adopting or resetting orphaned tasks for active dag runs
2024-01-21 09:57:58,283 INFO - Adopting or resetting orphaned tasks for active dag runs
2024-01-21 10:02:58,449 INFO - Adopting or resetting orphaned tasks for active dag runs
2024-01-21 10:07:58,590 INFO - Adopting or resetting orphaned tasks for active dag runs
2024-01-21 10:12:58,726 INFO - Adopting or resetting orphaned tasks for active dag runs
2024-01-21 10:17:58,859 INFO - Adopting or resetting orphaned tasks for active dag runs
2024-01-21 10:22:58,992 INFO - Adopting or resetting orphaned tasks for active dag runs
2024-01-21 10:27:59,005 INFO - Adopting or resetting orphaned tasks for active dag runs
2024-01-21 10:32:59,144 INFO - Adopting or resetting orphaned tasks for active dag runs
2024-01-21 10:37:59,280 INFO - Adopting or resetting orphaned tasks for active dag runs
2024-01-21 10:42:59,415 INFO - Adopting or resetting orphaned tasks for active dag runs
2024-01-21 10:47:59,547 INFO - Adopting or resetting orphaned tasks for active dag runs
2024-01-21 10:52:59,683 INFO - Adopting or resetting orphaned tasks for active dag runs
2024-01-21 10:57:59,817 INFO - Adopting or resetting orphaned tasks for active dag runs
2024-01-21 11:02:59,873 INFO - Adopting or resetting orphaned tasks for active dag runs
2024-01-21 11:08:00,015 INFO - Adopting or resetting orphaned tasks for active dag runs
2024-01-21 11:13:00,184 INFO - Adopting or resetting orphaned tasks for active dag runs
2024-01-21 11:18:00,322 INFO - Adopting or resetting orphaned tasks for active dag runs
2024-01-21 11:23:00,658 INFO - Adopting or resetting orphaned tasks for active dag runs
2024-01-21 11:28:00,963 INFO - Adopting or resetting orphaned tasks for active dag runs
2024-01-21 11:33:01,212 INFO - Adopting or resetting orphaned tasks for active dag runs
2024-01-21 11:38:01,345 INFO - Adopting or resetting orphaned tasks for active dag runs
2024-01-21 11:43:01,489 INFO - Adopting or resetting orphaned tasks for active dag runs
2024-01-21 11:48:01,626 INFO - Adopting or resetting orphaned tasks for active dag runs
2024-01-21 11:53:01,692 INFO - Adopting or resetting orphaned tasks for active dag runs
2024-01-21 11:58:01,846 INFO - Adopting or resetting orphaned tasks for active dag runs
2024-01-21 12:03:01,936 INFO - Adopting or resetting orphaned tasks for active dag runs
2024-01-21 12:08:02,069 INFO - Adopting or resetting orphaned tasks for active dag runs
2024-01-21 12:13:02,203 INFO - Adopting or resetting orphaned tasks for active dag runs
2024-01-21 12:18:02,339 INFO - Adopting or resetting orphaned tasks for active dag runs
2024-01-21 12:23:02,474 INFO - Adopting or resetting orphaned tasks for active dag runs
2024-01-21 12:28:02,802 INFO - Adopting or resetting orphaned tasks for active dag runs
2024-01-21 12:33:02,936 INFO - Adopting or resetting orphaned tasks for active dag runs
2024-01-21 12:38:03,070 INFO - Adopting or resetting orphaned tasks for active dag runs
2024-01-21 12:43:03,213 INFO - Adopting or resetting orphaned tasks for active dag runs
2024-01-21 12:48:03,346 INFO - Adopting or resetting orphaned tasks for active dag runs
2024-01-21 12:53:03,591 INFO - Adopting or resetting orphaned tasks for active dag runs
2024-01-21 12:58:03,724 INFO - Adopting or resetting orphaned tasks for active dag runs
2024-01-21 13:03:03,858 INFO - Adopting or resetting orphaned tasks for active dag runs
2024-01-21 13:08:03,992 INFO - Adopting or resetting orphaned tasks for active dag runs
2024-01-21 13:13:04,015 INFO - Adopting or resetting orphaned tasks for active dag runs
2024-01-21 13:18:04,177 INFO - Adopting or resetting orphaned tasks for active dag runs
2024-01-21 13:23:04,316 INFO - Adopting or resetting orphaned tasks for active dag runs
2024-01-21 13:28:04,462 INFO - Adopting or resetting orphaned tasks for active dag runs
2024-01-21 13:33:04,615 INFO - Adopting or resetting orphaned tasks for active dag runs
2024-01-21 13:38:04,749 INFO - Adopting or resetting orphaned tasks for active dag runs
2024-01-21 13:43:04,881 INFO - Adopting or resetting orphaned tasks for active dag runs
2024-01-21 13:48:05,119 INFO - Adopting or resetting orphaned tasks for active dag runs
2024-01-21 13:53:05,262 INFO - Adopting or resetting orphaned tasks for active dag runs
2024-01-21 13:58:05,434 INFO - Adopting or resetting orphaned tasks for active dag runs
2024-01-21 14:03:05,465 INFO - Adopting or resetting orphaned tasks for active dag runs
2024-01-21 14:08:05,599 INFO - Adopting or resetting orphaned tasks for active dag runs
2024-01-21 14:13:05,739 INFO - Adopting or resetting orphaned tasks for active dag runs
2024-01-21 14:18:05,875 INFO - Adopting or resetting orphaned tasks for active dag runs
2024-01-21 14:23:05,986 INFO - Adopting or resetting orphaned tasks for active dag runs
2024-01-21 14:28:06,082 INFO - Adopting or resetting orphaned tasks for active dag runs
2024-01-21 14:33:06,240 INFO - Adopting or resetting orphaned tasks for active dag runs
2024-01-21 14:38:06,374 INFO - Adopting or resetting orphaned tasks for active dag runs
2024-01-21 14:43:06,509 INFO - Adopting or resetting orphaned tasks for active dag runs
2024-01-21 14:48:06,652 INFO - Adopting or resetting orphaned tasks for active dag runs
2024-01-21 14:53:06,702 INFO - Adopting or resetting orphaned tasks for active dag runs
2024-01-21 14:58:06,836 INFO - Adopting or resetting orphaned tasks for active dag runs
2024-01-21 15:03:06,970 INFO - Adopting or resetting orphaned tasks for active dag runs
2024-01-21 15:08:07,108 INFO - Adopting or resetting orphaned tasks for active dag runs
2024-01-21 15:13:07,247 INFO - Adopting or resetting orphaned tasks for active dag runs
2024-01-21 15:18:07,382 INFO - Adopting or resetting orphaned tasks for active dag runs
2024-01-21 15:23:07,516 INFO - Adopting or resetting orphaned tasks for active dag runs
2024-01-21 15:28:07,653 INFO - Adopting or resetting orphaned tasks for active dag runs
2024-01-21 15:33:07,788 INFO - Adopting or resetting orphaned tasks for active dag runs
2024-01-21 15:38:07,944 INFO - Adopting or resetting orphaned tasks for active dag runs
2024-01-21 15:43:08,212 INFO - Adopting or resetting orphaned tasks for active dag runs
2024-01-21 15:48:08,236 INFO - Adopting or resetting orphaned tasks for active dag runs
2024-01-21 15:53:08,543 INFO - Adopting or resetting orphaned tasks for active dag runs
2024-01-21 15:58:08,681 INFO - Adopting or resetting orphaned tasks for active dag runs
2024-01-21 16:03:08,816 INFO - Adopting or resetting orphaned tasks for active dag runs
2024-01-21 16:08:08,998 INFO - Adopting or resetting orphaned tasks for active dag runs
2024-01-21 16:13:09,130 INFO - Adopting or resetting orphaned tasks for active dag runs
2024-01-21 16:18:09,264 INFO - Adopting or resetting orphaned tasks for active dag runs
2024-01-21 16:23:09,402 INFO - Adopting or resetting orphaned tasks for active dag runs
2024-01-21 16:28:09,541 INFO - Adopting or resetting orphaned tasks for active dag runs
2024-01-21 16:33:09,677 INFO - Adopting or resetting orphaned tasks for active dag runs
2024-01-21 16:38:09,746 INFO - Adopting or resetting orphaned tasks for active dag runs
2024-01-21 16:43:09,880 INFO - Adopting or resetting orphaned tasks for active dag runs
2024-01-21 16:48:10,017 INFO - Adopting or resetting orphaned tasks for active dag runs
2024-01-21 16:53:10,151 INFO - Adopting or resetting orphaned tasks for active dag runs
2024-01-21 16:58:10,284 INFO - Adopting or resetting orphaned tasks for active dag runs
2024-01-21 17:03:10,419 INFO - Adopting or resetting orphaned tasks for active dag runs
2024-01-21 17:08:10,552 INFO - Adopting or resetting orphaned tasks for active dag runs
2024-01-21 17:13:10,686 INFO - Adopting or resetting orphaned tasks for active dag runs
2024-01-21 17:18:10,820 INFO - Adopting or resetting orphaned tasks for active dag runs
2024-01-21 17:23:10,957 INFO - Adopting or resetting orphaned tasks for active dag runs
2024-01-21 17:28:11,095 INFO - Adopting or resetting orphaned tasks for active dag runs
2024-01-21 17:33:11,232 INFO - Adopting or resetting orphaned tasks for active dag runs
2024-01-21 17:38:11,376 INFO - Adopting or resetting orphaned tasks for active dag runs
2024-01-21 17:43:11,510 INFO - Adopting or resetting orphaned tasks for active dag runs
2024-01-21 17:48:11,649 INFO - Adopting or resetting orphaned tasks for active dag runs
2024-01-21 17:53:11,785 INFO - Adopting or resetting orphaned tasks for active dag runs
2024-01-21 17:58:11,924 INFO - Adopting or resetting orphaned tasks for active dag runs
2024-01-21 18:03:12,061 INFO - Adopting or resetting orphaned tasks for active dag runs
2024-01-21 18:08:12,209 INFO - Adopting or resetting orphaned tasks for active dag runs
2024-01-21 18:13:12,364 INFO - Adopting or resetting orphaned tasks for active dag runs
2024-01-21 18:18:12,503 INFO - Adopting or resetting orphaned tasks for active dag runs
2024-01-21 18:23:12,638 INFO - Adopting or resetting orphaned tasks for active dag runs
2024-01-21 18:28:12,775 INFO - Adopting or resetting orphaned tasks for active dag runs
2024-01-21 18:33:12,908 INFO - Adopting or resetting orphaned tasks for active dag runs
2024-01-21 18:38:13,047 INFO - Adopting or resetting orphaned tasks for active dag runs
2024-01-21 18:43:13,199 INFO - Adopting or resetting orphaned tasks for active dag runs
2024-01-21 18:48:13,335 INFO - Adopting or resetting orphaned tasks for active dag runs
2024-01-21 18:53:13,473 INFO - Adopting or resetting orphaned tasks for active dag runs
2024-01-21 18:58:13,608 INFO - Adopting or resetting orphaned tasks for active dag runs
2024-01-21 19:00:01,910 INFO - Setting next_dagrun for tutorial to 2024-01-22 00:00:00+00:00, run_after=2024-01-23 00:00:00+00:00
2024-01-21 19:00:01,958 INFO - 1 tasks up for execution:
	<TaskInstance: tutorial.print_date scheduled__2024-01-21T00:00:00+00:00 [scheduled]>
2024-01-21 19:00:01,958 INFO - DAG tutorial has 0/16 running and queued tasks
2024-01-21 19:00:01,958 INFO - Setting the following tasks to queued state:
	<TaskInstance: tutorial.print_date scheduled__2024-01-21T00:00:00+00:00 [scheduled]>
2024-01-21 19:00:01,959 WARNING - cannot record scheduled_duration for task print_date because previous state change time has not been saved
2024-01-21 19:00:01,959 INFO - Sending TaskInstanceKey(dag_id='tutorial', task_id='print_date', run_id='scheduled__2024-01-21T00:00:00+00:00', try_number=1, map_index=-1) to executor with priority 3 and queue default
2024-01-21 19:00:01,959 INFO - Adding to queue: ['airflow', 'tasks', 'run', 'tutorial', 'print_date', 'scheduled__2024-01-21T00:00:00+00:00', '--local', '--subdir', '/usr/local/lib/python3.9/site-packages/airflow/example_dags/tutorial.py']
2024-01-21 19:00:01,971 INFO - Executing command: ['airflow', 'tasks', 'run', 'tutorial', 'print_date', 'scheduled__2024-01-21T00:00:00+00:00', '--local', '--subdir', '/usr/local/lib/python3.9/site-packages/airflow/example_dags/tutorial.py']
2024-01-21 19:00:03,952 INFO - Received executor event with state success for task instance TaskInstanceKey(dag_id='tutorial', task_id='print_date', run_id='scheduled__2024-01-21T00:00:00+00:00', try_number=1, map_index=-1)
2024-01-21 19:00:03,957 INFO - TaskInstance Finished: dag_id=tutorial, task_id=print_date, run_id=scheduled__2024-01-21T00:00:00+00:00, map_index=-1, run_start_date=2024-01-22 00:00:03.473573+00:00, run_end_date=2024-01-22 00:00:03.637424+00:00, run_duration=0.163851, state=success, executor_state=success, try_number=1, max_tries=1, job_id=13, pool=default_pool, queue=default, priority_weight=3, operator=BashOperator, queued_dttm=2024-01-22 00:00:01.958742+00:00, queued_by_job_id=6, pid=179235
2024-01-21 19:00:04,104 INFO - 2 tasks up for execution:
	<TaskInstance: tutorial.sleep scheduled__2024-01-21T00:00:00+00:00 [scheduled]>
	<TaskInstance: tutorial.templated scheduled__2024-01-21T00:00:00+00:00 [scheduled]>
2024-01-21 19:00:04,104 INFO - DAG tutorial has 0/16 running and queued tasks
2024-01-21 19:00:04,104 INFO - DAG tutorial has 1/16 running and queued tasks
2024-01-21 19:00:04,104 INFO - Setting the following tasks to queued state:
	<TaskInstance: tutorial.sleep scheduled__2024-01-21T00:00:00+00:00 [scheduled]>
	<TaskInstance: tutorial.templated scheduled__2024-01-21T00:00:00+00:00 [scheduled]>
2024-01-21 19:00:04,105 WARNING - cannot record scheduled_duration for task sleep because previous state change time has not been saved
2024-01-21 19:00:04,105 WARNING - cannot record scheduled_duration for task templated because previous state change time has not been saved
2024-01-21 19:00:04,106 INFO - Sending TaskInstanceKey(dag_id='tutorial', task_id='sleep', run_id='scheduled__2024-01-21T00:00:00+00:00', try_number=1, map_index=-1) to executor with priority 1 and queue default
2024-01-21 19:00:04,106 INFO - Adding to queue: ['airflow', 'tasks', 'run', 'tutorial', 'sleep', 'scheduled__2024-01-21T00:00:00+00:00', '--local', '--subdir', '/usr/local/lib/python3.9/site-packages/airflow/example_dags/tutorial.py']
2024-01-21 19:00:04,106 INFO - Sending TaskInstanceKey(dag_id='tutorial', task_id='templated', run_id='scheduled__2024-01-21T00:00:00+00:00', try_number=1, map_index=-1) to executor with priority 1 and queue default
2024-01-21 19:00:04,106 INFO - Adding to queue: ['airflow', 'tasks', 'run', 'tutorial', 'templated', 'scheduled__2024-01-21T00:00:00+00:00', '--local', '--subdir', '/usr/local/lib/python3.9/site-packages/airflow/example_dags/tutorial.py']
2024-01-21 19:00:04,116 INFO - Executing command: ['airflow', 'tasks', 'run', 'tutorial', 'sleep', 'scheduled__2024-01-21T00:00:00+00:00', '--local', '--subdir', '/usr/local/lib/python3.9/site-packages/airflow/example_dags/tutorial.py']
2024-01-21 19:00:10,911 INFO - Executing command: ['airflow', 'tasks', 'run', 'tutorial', 'templated', 'scheduled__2024-01-21T00:00:00+00:00', '--local', '--subdir', '/usr/local/lib/python3.9/site-packages/airflow/example_dags/tutorial.py']
2024-01-21 19:00:12,718 INFO - Received executor event with state success for task instance TaskInstanceKey(dag_id='tutorial', task_id='sleep', run_id='scheduled__2024-01-21T00:00:00+00:00', try_number=1, map_index=-1)
2024-01-21 19:00:12,719 INFO - Received executor event with state success for task instance TaskInstanceKey(dag_id='tutorial', task_id='templated', run_id='scheduled__2024-01-21T00:00:00+00:00', try_number=1, map_index=-1)
2024-01-21 19:00:12,724 INFO - TaskInstance Finished: dag_id=tutorial, task_id=sleep, run_id=scheduled__2024-01-21T00:00:00+00:00, map_index=-1, run_start_date=2024-01-22 00:00:05.501378+00:00, run_end_date=2024-01-22 00:00:10.646210+00:00, run_duration=5.144832, state=success, executor_state=success, try_number=1, max_tries=3, job_id=14, pool=default_pool, queue=default, priority_weight=1, operator=BashOperator, queued_dttm=2024-01-22 00:00:04.105252+00:00, queued_by_job_id=6, pid=179242
2024-01-21 19:00:12,724 INFO - TaskInstance Finished: dag_id=tutorial, task_id=templated, run_id=scheduled__2024-01-21T00:00:00+00:00, map_index=-1, run_start_date=2024-01-22 00:00:12.304748+00:00, run_end_date=2024-01-22 00:00:12.448588+00:00, run_duration=0.14384, state=success, executor_state=success, try_number=1, max_tries=1, job_id=15, pool=default_pool, queue=default, priority_weight=1, operator=BashOperator, queued_dttm=2024-01-22 00:00:04.105252+00:00, queued_by_job_id=6, pid=179245
2024-01-21 19:00:12,880 INFO - Marking run <DagRun tutorial @ 2024-01-21 00:00:00+00:00: scheduled__2024-01-21T00:00:00+00:00, state:running, queued_at: 2024-01-22 00:00:01.908568+00:00. externally triggered: False> successful
2024-01-21 19:00:12,880 INFO - DagRun Finished: dag_id=tutorial, execution_date=2024-01-21 00:00:00+00:00, run_id=scheduled__2024-01-21T00:00:00+00:00, run_start_date=2024-01-22 00:00:01.926160+00:00, run_end_date=2024-01-22 00:00:12.880799+00:00, run_duration=10.954639, state=success, external_trigger=False, run_type=scheduled, data_interval_start=2024-01-21 00:00:00+00:00, data_interval_end=2024-01-22 00:00:00+00:00, dag_hash=56a3ca98a4bc2ccb69780f6a32611db3
2024-01-21 19:00:12,882 INFO - Setting next_dagrun for tutorial to 2024-01-22 00:00:00+00:00, run_after=2024-01-23 00:00:00+00:00
2024-01-21 19:03:13,745 INFO - Adopting or resetting orphaned tasks for active dag runs
2024-01-21 19:08:13,884 INFO - Adopting or resetting orphaned tasks for active dag runs
2024-01-21 19:13:13,916 INFO - Adopting or resetting orphaned tasks for active dag runs
2024-01-21 19:18:14,053 INFO - Adopting or resetting orphaned tasks for active dag runs
2024-01-21 19:23:14,088 INFO - Adopting or resetting orphaned tasks for active dag runs
2024-01-21 19:28:14,224 INFO - Adopting or resetting orphaned tasks for active dag runs
2024-01-21 19:33:14,358 INFO - Adopting or resetting orphaned tasks for active dag runs
2024-01-21 19:38:14,490 INFO - Adopting or resetting orphaned tasks for active dag runs
2024-01-21 19:43:14,632 INFO - Adopting or resetting orphaned tasks for active dag runs
2024-01-21 19:48:14,969 INFO - Adopting or resetting orphaned tasks for active dag runs
2024-01-21 19:53:15,088 INFO - Adopting or resetting orphaned tasks for active dag runs
2024-01-21 19:58:15,181 INFO - Adopting or resetting orphaned tasks for active dag runs
2024-01-21 20:03:15,317 INFO - Adopting or resetting orphaned tasks for active dag runs
2024-01-21 20:08:15,455 INFO - Adopting or resetting orphaned tasks for active dag runs
2024-01-21 20:13:15,567 INFO - Adopting or resetting orphaned tasks for active dag runs
2024-01-21 20:18:16,104 INFO - Adopting or resetting orphaned tasks for active dag runs
2024-01-21 20:23:16,339 INFO - Adopting or resetting orphaned tasks for active dag runs
2024-01-21 20:28:16,481 INFO - Adopting or resetting orphaned tasks for active dag runs
2024-01-21 20:33:16,618 INFO - Adopting or resetting orphaned tasks for active dag runs
2024-01-21 20:38:16,749 INFO - Adopting or resetting orphaned tasks for active dag runs
2024-01-21 20:43:16,905 INFO - Adopting or resetting orphaned tasks for active dag runs
2024-01-21 20:48:16,923 INFO - Adopting or resetting orphaned tasks for active dag runs
2024-01-21 20:53:17,057 INFO - Adopting or resetting orphaned tasks for active dag runs
2024-01-21 20:58:17,191 INFO - Adopting or resetting orphaned tasks for active dag runs
2024-01-21 21:03:17,325 INFO - Adopting or resetting orphaned tasks for active dag runs
2024-01-21 21:08:17,457 INFO - Adopting or resetting orphaned tasks for active dag runs
2024-01-21 21:13:17,594 INFO - Adopting or resetting orphaned tasks for active dag runs
2024-01-21 21:18:17,729 INFO - Adopting or resetting orphaned tasks for active dag runs
2024-01-21 21:23:17,819 INFO - Adopting or resetting orphaned tasks for active dag runs
2024-01-21 21:28:17,956 INFO - Adopting or resetting orphaned tasks for active dag runs
2024-01-21 21:33:18,130 INFO - Adopting or resetting orphaned tasks for active dag runs
2024-01-21 21:38:18,262 INFO - Adopting or resetting orphaned tasks for active dag runs
2024-01-21 21:43:18,396 INFO - Adopting or resetting orphaned tasks for active dag runs
2024-01-21 21:48:18,530 INFO - Adopting or resetting orphaned tasks for active dag runs
2024-01-21 21:53:18,781 INFO - Adopting or resetting orphaned tasks for active dag runs
2024-01-21 21:58:18,920 INFO - Adopting or resetting orphaned tasks for active dag runs
2024-01-21 22:03:19,075 INFO - Adopting or resetting orphaned tasks for active dag runs
2024-01-21 22:08:19,212 INFO - Adopting or resetting orphaned tasks for active dag runs
2024-01-21 22:13:19,395 INFO - Adopting or resetting orphaned tasks for active dag runs
2024-01-21 22:18:19,633 INFO - Adopting or resetting orphaned tasks for active dag runs
2024-01-21 22:23:19,769 INFO - Adopting or resetting orphaned tasks for active dag runs
2024-01-21 22:28:19,819 INFO - Adopting or resetting orphaned tasks for active dag runs
2024-01-21 22:33:19,961 INFO - Adopting or resetting orphaned tasks for active dag runs
2024-01-21 22:38:20,098 INFO - Adopting or resetting orphaned tasks for active dag runs
2024-01-21 22:43:20,232 INFO - Adopting or resetting orphaned tasks for active dag runs
2024-01-21 22:48:20,365 INFO - Adopting or resetting orphaned tasks for active dag runs
2024-01-21 22:53:20,505 INFO - Adopting or resetting orphaned tasks for active dag runs
2024-01-21 22:58:20,641 INFO - Adopting or resetting orphaned tasks for active dag runs
2024-01-21 23:03:20,889 INFO - Adopting or resetting orphaned tasks for active dag runs
2024-01-21 23:08:21,034 INFO - Adopting or resetting orphaned tasks for active dag runs
2024-01-21 23:13:21,168 INFO - Adopting or resetting orphaned tasks for active dag runs
2024-01-21 23:18:21,302 INFO - Adopting or resetting orphaned tasks for active dag runs
2024-01-21 23:23:21,435 INFO - Adopting or resetting orphaned tasks for active dag runs
2024-01-21 23:28:21,568 INFO - Adopting or resetting orphaned tasks for active dag runs
2024-01-21 23:33:21,702 INFO - Adopting or resetting orphaned tasks for active dag runs
2024-01-21 23:38:21,741 INFO - Adopting or resetting orphaned tasks for active dag runs
2024-01-21 23:43:21,840 INFO - Adopting or resetting orphaned tasks for active dag runs
2024-01-21 23:48:21,977 INFO - Adopting or resetting orphaned tasks for active dag runs
2024-01-21 23:53:22,111 INFO - Adopting or resetting orphaned tasks for active dag runs
2024-01-21 23:58:22,257 INFO - Adopting or resetting orphaned tasks for active dag runs
2024-01-22 00:03:22,391 INFO - Adopting or resetting orphaned tasks for active dag runs
2024-01-22 00:08:22,597 INFO - Adopting or resetting orphaned tasks for active dag runs
2024-01-22 00:13:22,695 INFO - Adopting or resetting orphaned tasks for active dag runs
2024-01-22 00:18:22,830 INFO - Adopting or resetting orphaned tasks for active dag runs
2024-01-22 00:23:22,973 INFO - Adopting or resetting orphaned tasks for active dag runs
2024-01-22 00:28:23,116 INFO - Adopting or resetting orphaned tasks for active dag runs
2024-01-22 00:33:23,331 INFO - Adopting or resetting orphaned tasks for active dag runs
2024-01-22 00:38:23,465 INFO - Adopting or resetting orphaned tasks for active dag runs
2024-01-22 00:43:23,600 INFO - Adopting or resetting orphaned tasks for active dag runs
2024-01-22 00:48:23,735 INFO - Adopting or resetting orphaned tasks for active dag runs
2024-01-22 00:53:24,173 INFO - Adopting or resetting orphaned tasks for active dag runs
2024-01-22 00:58:24,308 INFO - Adopting or resetting orphaned tasks for active dag runs
2024-01-22 01:03:24,559 INFO - Adopting or resetting orphaned tasks for active dag runs
2024-01-22 01:08:24,694 INFO - Adopting or resetting orphaned tasks for active dag runs
2024-01-22 01:13:24,848 INFO - Adopting or resetting orphaned tasks for active dag runs
2024-01-22 01:18:24,983 INFO - Adopting or resetting orphaned tasks for active dag runs
2024-01-22 01:23:25,113 INFO - Adopting or resetting orphaned tasks for active dag runs
2024-01-22 01:28:25,216 INFO - Adopting or resetting orphaned tasks for active dag runs
2024-01-22 01:33:25,317 INFO - Adopting or resetting orphaned tasks for active dag runs
2024-01-22 01:38:25,456 INFO - Adopting or resetting orphaned tasks for active dag runs
2024-01-22 01:43:25,589 INFO - Adopting or resetting orphaned tasks for active dag runs
2024-01-22 01:48:25,725 INFO - Adopting or resetting orphaned tasks for active dag runs
2024-01-22 01:53:26,648 INFO - Adopting or resetting orphaned tasks for active dag runs
2024-01-22 01:58:26,806 INFO - Adopting or resetting orphaned tasks for active dag runs
2024-01-22 02:03:26,939 INFO - Adopting or resetting orphaned tasks for active dag runs
2024-01-22 02:08:27,282 INFO - Adopting or resetting orphaned tasks for active dag runs
2024-01-22 02:13:27,434 INFO - Adopting or resetting orphaned tasks for active dag runs
2024-01-22 02:18:27,572 INFO - Adopting or resetting orphaned tasks for active dag runs
2024-01-22 02:23:27,707 INFO - Adopting or resetting orphaned tasks for active dag runs
2024-01-22 02:28:27,840 INFO - Adopting or resetting orphaned tasks for active dag runs
2024-01-22 02:33:27,979 INFO - Adopting or resetting orphaned tasks for active dag runs
2024-01-22 02:38:28,217 INFO - Adopting or resetting orphaned tasks for active dag runs
2024-01-22 02:43:28,357 INFO - Adopting or resetting orphaned tasks for active dag runs
2024-01-22 02:48:28,496 INFO - Adopting or resetting orphaned tasks for active dag runs
2024-01-22 02:53:28,643 INFO - Adopting or resetting orphaned tasks for active dag runs
2024-01-22 02:58:28,779 INFO - Adopting or resetting orphaned tasks for active dag runs
2024-01-22 03:03:29,390 INFO - Adopting or resetting orphaned tasks for active dag runs
2024-01-22 03:08:29,528 INFO - Adopting or resetting orphaned tasks for active dag runs
2024-01-22 03:13:29,673 INFO - Adopting or resetting orphaned tasks for active dag runs
2024-01-22 03:18:29,806 INFO - Adopting or resetting orphaned tasks for active dag runs
2024-01-22 03:23:29,939 INFO - Adopting or resetting orphaned tasks for active dag runs
2024-01-22 03:28:29,944 INFO - Adopting or resetting orphaned tasks for active dag runs
2024-01-22 03:33:30,184 INFO - Adopting or resetting orphaned tasks for active dag runs
2024-01-22 03:38:30,319 INFO - Adopting or resetting orphaned tasks for active dag runs
2024-01-22 03:43:30,431 INFO - Adopting or resetting orphaned tasks for active dag runs
2024-01-22 03:48:30,569 INFO - Adopting or resetting orphaned tasks for active dag runs
2024-01-22 03:53:30,707 INFO - Adopting or resetting orphaned tasks for active dag runs
2024-01-22 03:58:30,838 INFO - Adopting or resetting orphaned tasks for active dag runs
2024-01-22 04:03:31,280 INFO - Adopting or resetting orphaned tasks for active dag runs
2024-01-22 04:08:31,415 INFO - Adopting or resetting orphaned tasks for active dag runs
2024-01-22 04:13:31,550 INFO - Adopting or resetting orphaned tasks for active dag runs
2024-01-22 04:18:31,685 INFO - Adopting or resetting orphaned tasks for active dag runs
2024-01-22 04:23:32,159 INFO - Adopting or resetting orphaned tasks for active dag runs
2024-01-22 04:28:32,398 INFO - Adopting or resetting orphaned tasks for active dag runs
2024-01-22 04:33:32,531 INFO - Adopting or resetting orphaned tasks for active dag runs
2024-01-22 04:38:32,665 INFO - Adopting or resetting orphaned tasks for active dag runs
2024-01-22 04:43:32,803 INFO - Adopting or resetting orphaned tasks for active dag runs
2024-01-22 04:48:32,941 INFO - Adopting or resetting orphaned tasks for active dag runs
2024-01-22 04:53:33,080 INFO - Adopting or resetting orphaned tasks for active dag runs
2024-01-22 04:58:33,529 INFO - Adopting or resetting orphaned tasks for active dag runs
2024-01-22 05:03:33,663 INFO - Adopting or resetting orphaned tasks for active dag runs
2024-01-22 05:08:33,832 INFO - Adopting or resetting orphaned tasks for active dag runs
2024-01-22 05:13:33,975 INFO - Adopting or resetting orphaned tasks for active dag runs
2024-01-22 05:18:34,108 INFO - Adopting or resetting orphaned tasks for active dag runs
2024-01-22 05:23:34,248 INFO - Adopting or resetting orphaned tasks for active dag runs
2024-01-22 05:28:34,405 INFO - Adopting or resetting orphaned tasks for active dag runs
2024-01-22 05:33:34,570 INFO - Adopting or resetting orphaned tasks for active dag runs
2024-01-22 05:38:34,705 INFO - Adopting or resetting orphaned tasks for active dag runs
2024-01-22 05:43:34,847 INFO - Adopting or resetting orphaned tasks for active dag runs
2024-01-22 05:48:34,984 INFO - Adopting or resetting orphaned tasks for active dag runs
2024-01-22 05:53:35,122 INFO - Adopting or resetting orphaned tasks for active dag runs
2024-01-22 05:58:35,175 INFO - Adopting or resetting orphaned tasks for active dag runs
2024-01-22 06:03:35,270 INFO - Adopting or resetting orphaned tasks for active dag runs
2024-01-22 06:08:35,407 INFO - Adopting or resetting orphaned tasks for active dag runs
2024-01-22 06:13:35,542 INFO - Adopting or resetting orphaned tasks for active dag runs
2024-01-22 06:18:35,677 INFO - Adopting or resetting orphaned tasks for active dag runs
2024-01-22 06:23:35,810 INFO - Adopting or resetting orphaned tasks for active dag runs
2024-01-22 06:28:36,218 INFO - Adopting or resetting orphaned tasks for active dag runs
2024-01-22 06:33:36,353 INFO - Adopting or resetting orphaned tasks for active dag runs
2024-01-22 06:38:36,693 INFO - Adopting or resetting orphaned tasks for active dag runs
2024-01-22 06:43:36,828 INFO - Adopting or resetting orphaned tasks for active dag runs
2024-01-22 06:48:36,966 INFO - Adopting or resetting orphaned tasks for active dag runs
2024-01-22 06:53:37,099 INFO - Adopting or resetting orphaned tasks for active dag runs
2024-01-22 06:58:37,238 INFO - Adopting or resetting orphaned tasks for active dag runs
2024-01-22 07:03:37,420 INFO - Adopting or resetting orphaned tasks for active dag runs
2024-01-22 07:08:37,665 INFO - Adopting or resetting orphaned tasks for active dag runs
2024-01-22 07:13:37,927 INFO - Adopting or resetting orphaned tasks for active dag runs
2024-01-22 07:18:38,069 INFO - Adopting or resetting orphaned tasks for active dag runs
2024-01-22 07:23:38,208 INFO - Adopting or resetting orphaned tasks for active dag runs
2024-01-22 07:28:38,349 INFO - Adopting or resetting orphaned tasks for active dag runs
2024-01-22 07:33:38,642 INFO - Adopting or resetting orphaned tasks for active dag runs
2024-01-22 07:38:38,781 INFO - Adopting or resetting orphaned tasks for active dag runs
2024-01-22 07:43:38,925 INFO - Adopting or resetting orphaned tasks for active dag runs
2024-01-22 07:48:39,075 INFO - Adopting or resetting orphaned tasks for active dag runs
2024-01-22 07:53:39,215 INFO - Adopting or resetting orphaned tasks for active dag runs
2024-01-22 07:58:39,416 INFO - Adopting or resetting orphaned tasks for active dag runs
2024-01-22 08:03:39,552 INFO - Adopting or resetting orphaned tasks for active dag runs
2024-01-22 08:08:39,699 INFO - Adopting or resetting orphaned tasks for active dag runs
2024-01-22 08:13:39,836 INFO - Adopting or resetting orphaned tasks for active dag runs
2024-01-22 08:18:39,974 INFO - Adopting or resetting orphaned tasks for active dag runs
2024-01-22 08:23:40,215 INFO - Adopting or resetting orphaned tasks for active dag runs
2024-01-22 08:28:40,552 INFO - Adopting or resetting orphaned tasks for active dag runs
2024-01-22 08:33:40,692 INFO - Adopting or resetting orphaned tasks for active dag runs
2024-01-22 08:38:40,831 INFO - Adopting or resetting orphaned tasks for active dag runs
2024-01-22 08:43:40,972 INFO - Adopting or resetting orphaned tasks for active dag runs
2024-01-22 08:48:41,129 INFO - Adopting or resetting orphaned tasks for active dag runs
2024-01-22 08:53:41,264 INFO - Adopting or resetting orphaned tasks for active dag runs
2024-01-22 08:58:41,404 INFO - Adopting or resetting orphaned tasks for active dag runs
2024-01-22 09:03:41,541 INFO - Adopting or resetting orphaned tasks for active dag runs
2024-01-22 09:08:41,853 INFO - Adopting or resetting orphaned tasks for active dag runs
2024-01-22 09:13:41,987 INFO - Adopting or resetting orphaned tasks for active dag runs
2024-01-22 09:18:42,127 INFO - Adopting or resetting orphaned tasks for active dag runs
2024-01-22 09:23:42,264 INFO - Adopting or resetting orphaned tasks for active dag runs
