[2024-01-20T23:53:43.469-0500] {taskinstance.py:1956} INFO - Dependencies all met for dep_context=non-requeueable deps ti=<TaskInstance: tutorial.templated manual__2024-01-21T04:53:25.710957+00:00 [queued]>
[2024-01-20T23:53:43.473-0500] {taskinstance.py:1956} INFO - Dependencies all met for dep_context=requeueable deps ti=<TaskInstance: tutorial.templated manual__2024-01-21T04:53:25.710957+00:00 [queued]>
[2024-01-20T23:53:43.473-0500] {taskinstance.py:2170} INFO - Starting attempt 1 of 2
[2024-01-20T23:53:43.491-0500] {taskinstance.py:2191} INFO - Executing <Task(BashOperator): templated> on 2024-01-21 04:53:25.710957+00:00
[2024-01-20T23:53:43.494-0500] {standard_task_runner.py:60} INFO - Started process 109110 to run task
[2024-01-20T23:53:43.496-0500] {standard_task_runner.py:87} INFO - Running: ['airflow', 'tasks', 'run', 'tutorial', 'templated', 'manual__2024-01-21T04:53:25.710957+00:00', '--job-id', '12', '--raw', '--subdir', '/usr/local/lib/python3.9/site-packages/airflow/example_dags/tutorial.py', '--cfg-path', '/tmp/tmpr5w0lx0e']
[2024-01-20T23:53:43.497-0500] {standard_task_runner.py:88} INFO - Job 12: Subtask templated
[2024-01-20T23:53:43.529-0500] {task_command.py:423} INFO - Running <TaskInstance: tutorial.templated manual__2024-01-21T04:53:25.710957+00:00 [running]> on host snoopy
[2024-01-20T23:53:43.587-0500] {taskinstance.py:2480} INFO - Exporting env vars: AIRFLOW_CTX_DAG_EMAIL='airflow@example.com' AIRFLOW_CTX_DAG_OWNER='airflow' AIRFLOW_CTX_DAG_ID='tutorial' AIRFLOW_CTX_TASK_ID='templated' AIRFLOW_CTX_EXECUTION_DATE='2024-01-21T04:53:25.710957+00:00' AIRFLOW_CTX_TRY_NUMBER='1' AIRFLOW_CTX_DAG_RUN_ID='manual__2024-01-21T04:53:25.710957+00:00'
[2024-01-20T23:53:43.587-0500] {subprocess.py:63} INFO - Tmp dir root location: /tmp
[2024-01-20T23:53:43.588-0500] {subprocess.py:75} INFO - Running command: ['/usr/bin/bash', '-c', '\n\n    echo "2024-01-21"\n    echo "2024-01-28"\n\n    echo "2024-01-21"\n    echo "2024-01-28"\n\n    echo "2024-01-21"\n    echo "2024-01-28"\n\n    echo "2024-01-21"\n    echo "2024-01-28"\n\n    echo "2024-01-21"\n    echo "2024-01-28"\n']
[2024-01-20T23:53:43.594-0500] {subprocess.py:86} INFO - Output:
[2024-01-20T23:53:43.596-0500] {subprocess.py:93} INFO - 2024-01-21
[2024-01-20T23:53:43.597-0500] {subprocess.py:93} INFO - 2024-01-28
[2024-01-20T23:53:43.597-0500] {subprocess.py:93} INFO - 2024-01-21
[2024-01-20T23:53:43.597-0500] {subprocess.py:93} INFO - 2024-01-28
[2024-01-20T23:53:43.597-0500] {subprocess.py:93} INFO - 2024-01-21
[2024-01-20T23:53:43.597-0500] {subprocess.py:93} INFO - 2024-01-28
[2024-01-20T23:53:43.597-0500] {subprocess.py:93} INFO - 2024-01-21
[2024-01-20T23:53:43.597-0500] {subprocess.py:93} INFO - 2024-01-28
[2024-01-20T23:53:43.597-0500] {subprocess.py:93} INFO - 2024-01-21
[2024-01-20T23:53:43.597-0500] {subprocess.py:93} INFO - 2024-01-28
[2024-01-20T23:53:43.597-0500] {subprocess.py:97} INFO - Command exited with return code 0
[2024-01-20T23:53:43.618-0500] {taskinstance.py:1138} INFO - Marking task as SUCCESS. dag_id=tutorial, task_id=templated, execution_date=20240121T045325, start_date=20240121T045343, end_date=20240121T045343
[2024-01-20T23:53:43.648-0500] {local_task_job_runner.py:234} INFO - Task exited with return code 0
[2024-01-20T23:53:43.656-0500] {taskinstance.py:3280} INFO - 0 downstream tasks scheduled from follow-on schedule check
