[2024-01-21T19:00:12.304-0500] {taskinstance.py:1956} INFO - Dependencies all met for dep_context=non-requeueable deps ti=<TaskInstance: tutorial.templated scheduled__2024-01-21T00:00:00+00:00 [queued]>
[2024-01-21T19:00:12.309-0500] {taskinstance.py:1956} INFO - Dependencies all met for dep_context=requeueable deps ti=<TaskInstance: tutorial.templated scheduled__2024-01-21T00:00:00+00:00 [queued]>
[2024-01-21T19:00:12.309-0500] {taskinstance.py:2170} INFO - Starting attempt 1 of 2
[2024-01-21T19:00:12.327-0500] {taskinstance.py:2191} INFO - Executing <Task(BashOperator): templated> on 2024-01-21 00:00:00+00:00
[2024-01-21T19:00:12.330-0500] {standard_task_runner.py:60} INFO - Started process 179245 to run task
[2024-01-21T19:00:12.333-0500] {standard_task_runner.py:87} INFO - Running: ['airflow', 'tasks', 'run', 'tutorial', 'templated', 'scheduled__2024-01-21T00:00:00+00:00', '--job-id', '15', '--raw', '--subdir', '/usr/local/lib/python3.9/site-packages/airflow/example_dags/tutorial.py', '--cfg-path', '/tmp/tmps8ndzjcb']
[2024-01-21T19:00:12.333-0500] {standard_task_runner.py:88} INFO - Job 15: Subtask templated
[2024-01-21T19:00:12.365-0500] {task_command.py:423} INFO - Running <TaskInstance: tutorial.templated scheduled__2024-01-21T00:00:00+00:00 [running]> on host snoopy
[2024-01-21T19:00:12.419-0500] {taskinstance.py:2480} INFO - Exporting env vars: AIRFLOW_CTX_DAG_EMAIL='airflow@example.com' AIRFLOW_CTX_DAG_OWNER='airflow' AIRFLOW_CTX_DAG_ID='tutorial' AIRFLOW_CTX_TASK_ID='templated' AIRFLOW_CTX_EXECUTION_DATE='2024-01-21T00:00:00+00:00' AIRFLOW_CTX_TRY_NUMBER='1' AIRFLOW_CTX_DAG_RUN_ID='scheduled__2024-01-21T00:00:00+00:00'
[2024-01-21T19:00:12.420-0500] {subprocess.py:63} INFO - Tmp dir root location: /tmp
[2024-01-21T19:00:12.420-0500] {subprocess.py:75} INFO - Running command: ['/usr/bin/bash', '-c', '\n\n    echo "2024-01-21"\n    echo "2024-01-28"\n\n    echo "2024-01-21"\n    echo "2024-01-28"\n\n    echo "2024-01-21"\n    echo "2024-01-28"\n\n    echo "2024-01-21"\n    echo "2024-01-28"\n\n    echo "2024-01-21"\n    echo "2024-01-28"\n']
[2024-01-21T19:00:12.427-0500] {subprocess.py:86} INFO - Output:
[2024-01-21T19:00:12.428-0500] {subprocess.py:93} INFO - 2024-01-21
[2024-01-21T19:00:12.428-0500] {subprocess.py:93} INFO - 2024-01-28
[2024-01-21T19:00:12.428-0500] {subprocess.py:93} INFO - 2024-01-21
[2024-01-21T19:00:12.428-0500] {subprocess.py:93} INFO - 2024-01-28
[2024-01-21T19:00:12.428-0500] {subprocess.py:93} INFO - 2024-01-21
[2024-01-21T19:00:12.428-0500] {subprocess.py:93} INFO - 2024-01-28
[2024-01-21T19:00:12.429-0500] {subprocess.py:93} INFO - 2024-01-21
[2024-01-21T19:00:12.429-0500] {subprocess.py:93} INFO - 2024-01-28
[2024-01-21T19:00:12.429-0500] {subprocess.py:93} INFO - 2024-01-21
[2024-01-21T19:00:12.429-0500] {subprocess.py:93} INFO - 2024-01-28
[2024-01-21T19:00:12.429-0500] {subprocess.py:97} INFO - Command exited with return code 0
[2024-01-21T19:00:12.448-0500] {taskinstance.py:1138} INFO - Marking task as SUCCESS. dag_id=tutorial, task_id=templated, execution_date=20240121T000000, start_date=20240122T000012, end_date=20240122T000012
[2024-01-21T19:00:12.471-0500] {local_task_job_runner.py:234} INFO - Task exited with return code 0
[2024-01-21T19:00:12.479-0500] {taskinstance.py:3280} INFO - 0 downstream tasks scheduled from follow-on schedule check
