[2024-01-20T23:53:32.162-0500] {taskinstance.py:1956} INFO - Dependencies all met for dep_context=non-requeueable deps ti=<TaskInstance: tutorial.templated scheduled__2024-01-20T00:00:00+00:00 [queued]>
[2024-01-20T23:53:32.166-0500] {taskinstance.py:1956} INFO - Dependencies all met for dep_context=requeueable deps ti=<TaskInstance: tutorial.templated scheduled__2024-01-20T00:00:00+00:00 [queued]>
[2024-01-20T23:53:32.166-0500] {taskinstance.py:2170} INFO - Starting attempt 1 of 2
[2024-01-20T23:53:32.187-0500] {taskinstance.py:2191} INFO - Executing <Task(BashOperator): templated> on 2024-01-20 00:00:00+00:00
[2024-01-20T23:53:32.190-0500] {standard_task_runner.py:60} INFO - Started process 109099 to run task
[2024-01-20T23:53:32.193-0500] {standard_task_runner.py:87} INFO - Running: ['airflow', 'tasks', 'run', 'tutorial', 'templated', 'scheduled__2024-01-20T00:00:00+00:00', '--job-id', '9', '--raw', '--subdir', '/usr/local/lib/python3.9/site-packages/airflow/example_dags/tutorial.py', '--cfg-path', '/tmp/tmpj828wxie']
[2024-01-20T23:53:32.193-0500] {standard_task_runner.py:88} INFO - Job 9: Subtask templated
[2024-01-20T23:53:32.233-0500] {task_command.py:423} INFO - Running <TaskInstance: tutorial.templated scheduled__2024-01-20T00:00:00+00:00 [running]> on host snoopy
[2024-01-20T23:53:32.290-0500] {taskinstance.py:2480} INFO - Exporting env vars: AIRFLOW_CTX_DAG_EMAIL='airflow@example.com' AIRFLOW_CTX_DAG_OWNER='airflow' AIRFLOW_CTX_DAG_ID='tutorial' AIRFLOW_CTX_TASK_ID='templated' AIRFLOW_CTX_EXECUTION_DATE='2024-01-20T00:00:00+00:00' AIRFLOW_CTX_TRY_NUMBER='1' AIRFLOW_CTX_DAG_RUN_ID='scheduled__2024-01-20T00:00:00+00:00'
[2024-01-20T23:53:32.291-0500] {subprocess.py:63} INFO - Tmp dir root location: /tmp
[2024-01-20T23:53:32.292-0500] {subprocess.py:75} INFO - Running command: ['/usr/bin/bash', '-c', '\n\n    echo "2024-01-20"\n    echo "2024-01-27"\n\n    echo "2024-01-20"\n    echo "2024-01-27"\n\n    echo "2024-01-20"\n    echo "2024-01-27"\n\n    echo "2024-01-20"\n    echo "2024-01-27"\n\n    echo "2024-01-20"\n    echo "2024-01-27"\n']
[2024-01-20T23:53:32.299-0500] {subprocess.py:86} INFO - Output:
[2024-01-20T23:53:32.301-0500] {subprocess.py:93} INFO - 2024-01-20
[2024-01-20T23:53:32.301-0500] {subprocess.py:93} INFO - 2024-01-27
[2024-01-20T23:53:32.301-0500] {subprocess.py:93} INFO - 2024-01-20
[2024-01-20T23:53:32.301-0500] {subprocess.py:93} INFO - 2024-01-27
[2024-01-20T23:53:32.301-0500] {subprocess.py:93} INFO - 2024-01-20
[2024-01-20T23:53:32.301-0500] {subprocess.py:93} INFO - 2024-01-27
[2024-01-20T23:53:32.301-0500] {subprocess.py:93} INFO - 2024-01-20
[2024-01-20T23:53:32.301-0500] {subprocess.py:93} INFO - 2024-01-27
[2024-01-20T23:53:32.302-0500] {subprocess.py:93} INFO - 2024-01-20
[2024-01-20T23:53:32.302-0500] {subprocess.py:93} INFO - 2024-01-27
[2024-01-20T23:53:32.302-0500] {subprocess.py:97} INFO - Command exited with return code 0
[2024-01-20T23:53:32.322-0500] {taskinstance.py:1138} INFO - Marking task as SUCCESS. dag_id=tutorial, task_id=templated, execution_date=20240120T000000, start_date=20240121T045332, end_date=20240121T045332
[2024-01-20T23:53:32.482-0500] {local_task_job_runner.py:234} INFO - Task exited with return code 0
[2024-01-20T23:53:32.490-0500] {taskinstance.py:3280} INFO - 0 downstream tasks scheduled from follow-on schedule check
